CRITICAL - 2022-01-31 11:38:01 --> Call to undefined function set_value()
#0 C:\xampp\htdocs\testing\system\View\View.php(210): include()
#1 C:\xampp\htdocs\testing\system\View\View.php(213): CodeIgniter\View\View->CodeIgniter\View\{closure}()
#2 C:\xampp\htdocs\testing\system\Common.php(1089): CodeIgniter\View\View->render('template/cabece...', Array, true)
#3 C:\xampp\htdocs\testing\app\Controllers\Paginas.php(10): view('template/cabece...')
#4 C:\xampp\htdocs\testing\system\CodeIgniter.php(825): App\Controllers\Paginas->index()
#5 C:\xampp\htdocs\testing\system\CodeIgniter.php(412): CodeIgniter\CodeIgniter->runController(Object(App\Controllers\Paginas))
#6 C:\xampp\htdocs\testing\system\CodeIgniter.php(320): CodeIgniter\CodeIgniter->handleRequest(NULL, Object(Config\Cache), false)
#7 C:\xampp\htdocs\testing\public\index.php(38): CodeIgniter\CodeIgniter->run()
#8 {main}
CRITICAL - 2022-01-31 12:40:44 --> syntax error, unexpected '.', expecting identifier (T_STRING) or variable (T_VARIABLE) or '{' or '$'
#0 C:\xampp\htdocs\testing\system\Router\Router.php(175): CodeIgniter\Router\Router->autoRoute('ajaxsearch')
#1 C:\xampp\htdocs\testing\system\CodeIgniter.php(719): CodeIgniter\Router\Router->handle('ajaxsearch')
#2 C:\xampp\htdocs\testing\system\CodeIgniter.php(361): CodeIgniter\CodeIgniter->tryToRouteIt(Object(CodeIgniter\Router\RouteCollection))
#3 C:\xampp\htdocs\testing\system\CodeIgniter.php(320): CodeIgniter\CodeIgniter->handleRequest(NULL, Object(Config\Cache), false)
#4 C:\xampp\htdocs\testing\public\index.php(38): CodeIgniter\CodeIgniter->run()
#5 {main}
CRITICAL - 2022-01-31 13:01:41 --> syntax error, unexpected 'var_dump' (T_STRING), expecting function (T_FUNCTION) or const (T_CONST)
#0 C:\xampp\htdocs\testing\system\Router\Router.php(175): CodeIgniter\Router\Router->autoRoute('ajaxsearch')
#1 C:\xampp\htdocs\testing\system\CodeIgniter.php(719): CodeIgniter\Router\Router->handle('ajaxsearch')
#2 C:\xampp\htdocs\testing\system\CodeIgniter.php(361): CodeIgniter\CodeIgniter->tryToRouteIt(Object(CodeIgniter\Router\RouteCollection))
#3 C:\xampp\htdocs\testing\system\CodeIgniter.php(320): CodeIgniter\CodeIgniter->handleRequest(NULL, Object(Config\Cache), false)
#4 C:\xampp\htdocs\testing\public\index.php(38): CodeIgniter\CodeIgniter->run()
#5 {main}
CRITICAL - 2022-01-31 13:02:16 --> syntax error, unexpected 'var_dump' (T_STRING), expecting ';' or '{'
#0 C:\xampp\htdocs\testing\system\Router\Router.php(175): CodeIgniter\Router\Router->autoRoute('ajaxsearch')
#1 C:\xampp\htdocs\testing\system\CodeIgniter.php(719): CodeIgniter\Router\Router->handle('ajaxsearch')
#2 C:\xampp\htdocs\testing\system\CodeIgniter.php(361): CodeIgniter\CodeIgniter->tryToRouteIt(Object(CodeIgniter\Router\RouteCollection))
#3 C:\xampp\htdocs\testing\system\CodeIgniter.php(320): CodeIgniter\CodeIgniter->handleRequest(NULL, Object(Config\Cache), false)
#4 C:\xampp\htdocs\testing\public\index.php(38): CodeIgniter\CodeIgniter->run()
#5 {main}
CRITICAL - 2022-01-31 14:53:28 --> Class 'CI_Controller' not found
#0 C:\xampp\htdocs\testing\system\Router\Router.php(518): include_once()
#1 C:\xampp\htdocs\testing\system\Router\Router.php(175): CodeIgniter\Router\Router->autoRoute('ajaxsearch')
#2 C:\xampp\htdocs\testing\system\CodeIgniter.php(719): CodeIgniter\Router\Router->handle('ajaxsearch')
#3 C:\xampp\htdocs\testing\system\CodeIgniter.php(361): CodeIgniter\CodeIgniter->tryToRouteIt(Object(CodeIgniter\Router\RouteCollection))
#4 C:\xampp\htdocs\testing\system\CodeIgniter.php(320): CodeIgniter\CodeIgniter->handleRequest(NULL, Object(Config\Cache), false)
#5 C:\xampp\htdocs\testing\public\index.php(38): CodeIgniter\CodeIgniter->run()
#6 {main}
CRITICAL - 2022-01-31 14:58:49 --> Class 'App\Controllers\CI_Controller' not found
#0 C:\xampp\htdocs\testing\system\Router\Router.php(518): include_once()
#1 C:\xampp\htdocs\testing\system\Router\Router.php(175): CodeIgniter\Router\Router->autoRoute('ajaxsearch')
#2 C:\xampp\htdocs\testing\system\CodeIgniter.php(719): CodeIgniter\Router\Router->handle('ajaxsearch')
#3 C:\xampp\htdocs\testing\system\CodeIgniter.php(361): CodeIgniter\CodeIgniter->tryToRouteIt(Object(CodeIgniter\Router\RouteCollection))
#4 C:\xampp\htdocs\testing\system\CodeIgniter.php(320): CodeIgniter\CodeIgniter->handleRequest(NULL, Object(Config\Cache), false)
#5 C:\xampp\htdocs\testing\public\index.php(38): CodeIgniter\CodeIgniter->run()
#6 {main}
CRITICAL - 2022-01-31 14:59:43 --> Class 'App\Controllers\CI_Controller' not found
#0 C:\xampp\htdocs\testing\system\Router\Router.php(518): include_once()
#1 C:\xampp\htdocs\testing\system\Router\Router.php(175): CodeIgniter\Router\Router->autoRoute('ajaxsearch')
#2 C:\xampp\htdocs\testing\system\CodeIgniter.php(719): CodeIgniter\Router\Router->handle('ajaxsearch')
#3 C:\xampp\htdocs\testing\system\CodeIgniter.php(361): CodeIgniter\CodeIgniter->tryToRouteIt(Object(CodeIgniter\Router\RouteCollection))
#4 C:\xampp\htdocs\testing\system\CodeIgniter.php(320): CodeIgniter\CodeIgniter->handleRequest(NULL, Object(Config\Cache), false)
#5 C:\xampp\htdocs\testing\public\index.php(38): CodeIgniter\CodeIgniter->run()
#6 {main}
CRITICAL - 2022-01-31 14:59:44 --> Class 'App\Controllers\CI_Controller' not found
#0 C:\xampp\htdocs\testing\system\Router\Router.php(518): include_once()
#1 C:\xampp\htdocs\testing\system\Router\Router.php(175): CodeIgniter\Router\Router->autoRoute('ajaxsearch')
#2 C:\xampp\htdocs\testing\system\CodeIgniter.php(719): CodeIgniter\Router\Router->handle('ajaxsearch')
#3 C:\xampp\htdocs\testing\system\CodeIgniter.php(361): CodeIgniter\CodeIgniter->tryToRouteIt(Object(CodeIgniter\Router\RouteCollection))
#4 C:\xampp\htdocs\testing\system\CodeIgniter.php(320): CodeIgniter\CodeIgniter->handleRequest(NULL, Object(Config\Cache), false)
#5 C:\xampp\htdocs\testing\public\index.php(38): CodeIgniter\CodeIgniter->run()
#6 {main}
CRITICAL - 2022-01-31 15:00:14 --> Call to a member function view() on null
#0 C:\xampp\htdocs\testing\system\CodeIgniter.php(825): App\Controllers\Ajaxsearch->index()
#1 C:\xampp\htdocs\testing\system\CodeIgniter.php(412): CodeIgniter\CodeIgniter->runController(Object(App\Controllers\Ajaxsearch))
#2 C:\xampp\htdocs\testing\system\CodeIgniter.php(320): CodeIgniter\CodeIgniter->handleRequest(NULL, Object(Config\Cache), false)
#3 C:\xampp\htdocs\testing\public\index.php(38): CodeIgniter\CodeIgniter->run()
#4 {main}
CRITICAL - 2022-01-31 15:01:15 --> syntax error, unexpected '?>', expecting function (T_FUNCTION) or const (T_CONST)
#0 C:\xampp\htdocs\testing\system\Router\Router.php(175): CodeIgniter\Router\Router->autoRoute('ajaxsearch')
#1 C:\xampp\htdocs\testing\system\CodeIgniter.php(719): CodeIgniter\Router\Router->handle('ajaxsearch')
#2 C:\xampp\htdocs\testing\system\CodeIgniter.php(361): CodeIgniter\CodeIgniter->tryToRouteIt(Object(CodeIgniter\Router\RouteCollection))
#3 C:\xampp\htdocs\testing\system\CodeIgniter.php(320): CodeIgniter\CodeIgniter->handleRequest(NULL, Object(Config\Cache), false)
#4 C:\xampp\htdocs\testing\public\index.php(38): CodeIgniter\CodeIgniter->run()
#5 {main}
CRITICAL - 2022-01-31 15:01:26 --> syntax error, unexpected end of file, expecting function (T_FUNCTION) or const (T_CONST)
#0 C:\xampp\htdocs\testing\system\Router\Router.php(175): CodeIgniter\Router\Router->autoRoute('ajaxsearch')
#1 C:\xampp\htdocs\testing\system\CodeIgniter.php(719): CodeIgniter\Router\Router->handle('ajaxsearch')
#2 C:\xampp\htdocs\testing\system\CodeIgniter.php(361): CodeIgniter\CodeIgniter->tryToRouteIt(Object(CodeIgniter\Router\RouteCollection))
#3 C:\xampp\htdocs\testing\system\CodeIgniter.php(320): CodeIgniter\CodeIgniter->handleRequest(NULL, Object(Config\Cache), false)
#4 C:\xampp\htdocs\testing\public\index.php(38): CodeIgniter\CodeIgniter->run()
#5 {main}
CRITICAL - 2022-01-31 15:01:28 --> syntax error, unexpected end of file, expecting function (T_FUNCTION) or const (T_CONST)
#0 C:\xampp\htdocs\testing\system\Router\Router.php(175): CodeIgniter\Router\Router->autoRoute('ajaxsearch')
#1 C:\xampp\htdocs\testing\system\CodeIgniter.php(719): CodeIgniter\Router\Router->handle('ajaxsearch')
#2 C:\xampp\htdocs\testing\system\CodeIgniter.php(361): CodeIgniter\CodeIgniter->tryToRouteIt(Object(CodeIgniter\Router\RouteCollection))
#3 C:\xampp\htdocs\testing\system\CodeIgniter.php(320): CodeIgniter\CodeIgniter->handleRequest(NULL, Object(Config\Cache), false)
#4 C:\xampp\htdocs\testing\public\index.php(38): CodeIgniter\CodeIgniter->run()
#5 {main}
CRITICAL - 2022-01-31 15:02:52 --> Call to a member function view() on null
#0 C:\xampp\htdocs\testing\system\CodeIgniter.php(825): App\Controllers\Ajaxsearch->index()
#1 C:\xampp\htdocs\testing\system\CodeIgniter.php(412): CodeIgniter\CodeIgniter->runController(Object(App\Controllers\Ajaxsearch))
#2 C:\xampp\htdocs\testing\system\CodeIgniter.php(320): CodeIgniter\CodeIgniter->handleRequest(NULL, Object(Config\Cache), false)
#3 C:\xampp\htdocs\testing\public\index.php(38): CodeIgniter\CodeIgniter->run()
#4 {main}
CRITICAL - 2022-01-31 15:05:40 --> Call to a member function view() on null
#0 C:\xampp\htdocs\testing\system\CodeIgniter.php(825): App\Controllers\Ajaxsearch->index()
#1 C:\xampp\htdocs\testing\system\CodeIgniter.php(412): CodeIgniter\CodeIgniter->runController(Object(App\Controllers\Ajaxsearch))
#2 C:\xampp\htdocs\testing\system\CodeIgniter.php(320): CodeIgniter\CodeIgniter->handleRequest(NULL, Object(Config\Cache), false)
#3 C:\xampp\htdocs\testing\public\index.php(38): CodeIgniter\CodeIgniter->run()
#4 {main}
CRITICAL - 2022-01-31 15:05:41 --> Call to a member function view() on null
#0 C:\xampp\htdocs\testing\system\CodeIgniter.php(825): App\Controllers\Ajaxsearch->index()
#1 C:\xampp\htdocs\testing\system\CodeIgniter.php(412): CodeIgniter\CodeIgniter->runController(Object(App\Controllers\Ajaxsearch))
#2 C:\xampp\htdocs\testing\system\CodeIgniter.php(320): CodeIgniter\CodeIgniter->handleRequest(NULL, Object(Config\Cache), false)
#3 C:\xampp\htdocs\testing\public\index.php(38): CodeIgniter\CodeIgniter->run()
#4 {main}
CRITICAL - 2022-01-31 15:05:43 --> Call to a member function view() on null
#0 C:\xampp\htdocs\testing\system\CodeIgniter.php(825): App\Controllers\Ajaxsearch->index()
#1 C:\xampp\htdocs\testing\system\CodeIgniter.php(412): CodeIgniter\CodeIgniter->runController(Object(App\Controllers\Ajaxsearch))
#2 C:\xampp\htdocs\testing\system\CodeIgniter.php(320): CodeIgniter\CodeIgniter->handleRequest(NULL, Object(Config\Cache), false)
#3 C:\xampp\htdocs\testing\public\index.php(38): CodeIgniter\CodeIgniter->run()
#4 {main}
CRITICAL - 2022-01-31 15:07:22 --> Call to a member function view() on null
#0 C:\xampp\htdocs\testing\system\CodeIgniter.php(825): App\Controllers\Ajaxsearch->index()
#1 C:\xampp\htdocs\testing\system\CodeIgniter.php(412): CodeIgniter\CodeIgniter->runController(Object(App\Controllers\Ajaxsearch))
#2 C:\xampp\htdocs\testing\system\CodeIgniter.php(320): CodeIgniter\CodeIgniter->handleRequest(NULL, Object(Config\Cache), false)
#3 C:\xampp\htdocs\testing\public\index.php(38): CodeIgniter\CodeIgniter->run()
#4 {main}
CRITICAL - 2022-01-31 15:07:23 --> Call to a member function view() on null
#0 C:\xampp\htdocs\testing\system\CodeIgniter.php(825): App\Controllers\Ajaxsearch->index()
#1 C:\xampp\htdocs\testing\system\CodeIgniter.php(412): CodeIgniter\CodeIgniter->runController(Object(App\Controllers\Ajaxsearch))
#2 C:\xampp\htdocs\testing\system\CodeIgniter.php(320): CodeIgniter\CodeIgniter->handleRequest(NULL, Object(Config\Cache), false)
#3 C:\xampp\htdocs\testing\public\index.php(38): CodeIgniter\CodeIgniter->run()
#4 {main}
CRITICAL - 2022-01-31 15:10:38 --> syntax error, unexpected '->' (T_OBJECT_OPERATOR)
#0 C:\xampp\htdocs\testing\system\Router\Router.php(175): CodeIgniter\Router\Router->autoRoute('ajaxsearch')
#1 C:\xampp\htdocs\testing\system\CodeIgniter.php(719): CodeIgniter\Router\Router->handle('ajaxsearch')
#2 C:\xampp\htdocs\testing\system\CodeIgniter.php(361): CodeIgniter\CodeIgniter->tryToRouteIt(Object(CodeIgniter\Router\RouteCollection))
#3 C:\xampp\htdocs\testing\system\CodeIgniter.php(320): CodeIgniter\CodeIgniter->handleRequest(NULL, Object(Config\Cache), false)
#4 C:\xampp\htdocs\testing\public\index.php(38): CodeIgniter\CodeIgniter->run()
#5 {main}
CRITICAL - 2022-01-31 16:39:20 --> syntax error, unexpected '$builder' (T_VARIABLE), expecting function (T_FUNCTION) or const (T_CONST)
#0 C:\xampp\htdocs\testing\system\Router\Router.php(175): CodeIgniter\Router\Router->autoRoute('ajaxsearch')
#1 C:\xampp\htdocs\testing\system\CodeIgniter.php(719): CodeIgniter\Router\Router->handle('ajaxsearch')
#2 C:\xampp\htdocs\testing\system\CodeIgniter.php(361): CodeIgniter\CodeIgniter->tryToRouteIt(Object(CodeIgniter\Router\RouteCollection))
#3 C:\xampp\htdocs\testing\system\CodeIgniter.php(320): CodeIgniter\CodeIgniter->handleRequest(NULL, Object(Config\Cache), false)
#4 C:\xampp\htdocs\testing\public\index.php(38): CodeIgniter\CodeIgniter->run()
#5 {main}
CRITICAL - 2022-01-31 16:43:08 --> syntax error, unexpected '}', expecting end of file
#0 C:\xampp\htdocs\testing\system\Router\Router.php(175): CodeIgniter\Router\Router->autoRoute('ajaxsearch')
#1 C:\xampp\htdocs\testing\system\CodeIgniter.php(719): CodeIgniter\Router\Router->handle('ajaxsearch')
#2 C:\xampp\htdocs\testing\system\CodeIgniter.php(361): CodeIgniter\CodeIgniter->tryToRouteIt(Object(CodeIgniter\Router\RouteCollection))
#3 C:\xampp\htdocs\testing\system\CodeIgniter.php(320): CodeIgniter\CodeIgniter->handleRequest(NULL, Object(Config\Cache), false)
#4 C:\xampp\htdocs\testing\public\index.php(38): CodeIgniter\CodeIgniter->run()
#5 {main}
CRITICAL - 2022-01-31 17:06:47 --> syntax error, unexpected '}', expecting end of file
#0 C:\xampp\htdocs\testing\system\Router\Router.php(175): CodeIgniter\Router\Router->autoRoute('ajaxsearch')
#1 C:\xampp\htdocs\testing\system\CodeIgniter.php(719): CodeIgniter\Router\Router->handle('ajaxsearch')
#2 C:\xampp\htdocs\testing\system\CodeIgniter.php(361): CodeIgniter\CodeIgniter->tryToRouteIt(Object(CodeIgniter\Router\RouteCollection))
#3 C:\xampp\htdocs\testing\system\CodeIgniter.php(320): CodeIgniter\CodeIgniter->handleRequest(NULL, Object(Config\Cache), false)
#4 C:\xampp\htdocs\testing\public\index.php(38): CodeIgniter\CodeIgniter->run()
#5 {main}
CRITICAL - 2022-01-31 17:06:56 --> syntax error, unexpected '}', expecting end of file
#0 C:\xampp\htdocs\testing\system\Router\Router.php(175): CodeIgniter\Router\Router->autoRoute('ajaxsearch')
#1 C:\xampp\htdocs\testing\system\CodeIgniter.php(719): CodeIgniter\Router\Router->handle('ajaxsearch')
#2 C:\xampp\htdocs\testing\system\CodeIgniter.php(361): CodeIgniter\CodeIgniter->tryToRouteIt(Object(CodeIgniter\Router\RouteCollection))
#3 C:\xampp\htdocs\testing\system\CodeIgniter.php(320): CodeIgniter\CodeIgniter->handleRequest(NULL, Object(Config\Cache), false)
#4 C:\xampp\htdocs\testing\public\index.php(38): CodeIgniter\CodeIgniter->run()
#5 {main}
CRITICAL - 2022-01-31 17:08:37 --> syntax error, unexpected 'return' (T_RETURN), expecting function (T_FUNCTION) or const (T_CONST)
#0 C:\xampp\htdocs\testing\system\Router\Router.php(175): CodeIgniter\Router\Router->autoRoute('ajaxsearch')
#1 C:\xampp\htdocs\testing\system\CodeIgniter.php(719): CodeIgniter\Router\Router->handle('ajaxsearch')
#2 C:\xampp\htdocs\testing\system\CodeIgniter.php(361): CodeIgniter\CodeIgniter->tryToRouteIt(Object(CodeIgniter\Router\RouteCollection))
#3 C:\xampp\htdocs\testing\system\CodeIgniter.php(320): CodeIgniter\CodeIgniter->handleRequest(NULL, Object(Config\Cache), false)
#4 C:\xampp\htdocs\testing\public\index.php(38): CodeIgniter\CodeIgniter->run()
#5 {main}
CRITICAL - 2022-01-31 17:08:51 --> syntax error, unexpected end of file, expecting function (T_FUNCTION) or const (T_CONST)
#0 C:\xampp\htdocs\testing\system\Router\Router.php(175): CodeIgniter\Router\Router->autoRoute('ajaxsearch')
#1 C:\xampp\htdocs\testing\system\CodeIgniter.php(719): CodeIgniter\Router\Router->handle('ajaxsearch')
#2 C:\xampp\htdocs\testing\system\CodeIgniter.php(361): CodeIgniter\CodeIgniter->tryToRouteIt(Object(CodeIgniter\Router\RouteCollection))
#3 C:\xampp\htdocs\testing\system\CodeIgniter.php(320): CodeIgniter\CodeIgniter->handleRequest(NULL, Object(Config\Cache), false)
#4 C:\xampp\htdocs\testing\public\index.php(38): CodeIgniter\CodeIgniter->run()
#5 {main}
CRITICAL - 2022-01-31 17:13:29 --> syntax error, unexpected 'var_dump' (T_STRING), expecting function (T_FUNCTION) or const (T_CONST)
#0 C:\xampp\htdocs\testing\system\Router\Router.php(175): CodeIgniter\Router\Router->autoRoute('ajaxsearch')
#1 C:\xampp\htdocs\testing\system\CodeIgniter.php(719): CodeIgniter\Router\Router->handle('ajaxsearch')
#2 C:\xampp\htdocs\testing\system\CodeIgniter.php(361): CodeIgniter\CodeIgniter->tryToRouteIt(Object(CodeIgniter\Router\RouteCollection))
#3 C:\xampp\htdocs\testing\system\CodeIgniter.php(320): CodeIgniter\CodeIgniter->handleRequest(NULL, Object(Config\Cache), false)
#4 C:\xampp\htdocs\testing\public\index.php(38): CodeIgniter\CodeIgniter->run()
#5 {main}
CRITICAL - 2022-01-31 17:21:08 --> syntax error, unexpected 'return' (T_RETURN), expecting ';' or '{'
#0 C:\xampp\htdocs\testing\system\Router\Router.php(175): CodeIgniter\Router\Router->autoRoute('ajaxsearch')
#1 C:\xampp\htdocs\testing\system\CodeIgniter.php(719): CodeIgniter\Router\Router->handle('ajaxsearch')
#2 C:\xampp\htdocs\testing\system\CodeIgniter.php(361): CodeIgniter\CodeIgniter->tryToRouteIt(Object(CodeIgniter\Router\RouteCollection))
#3 C:\xampp\htdocs\testing\system\CodeIgniter.php(320): CodeIgniter\CodeIgniter->handleRequest(NULL, Object(Config\Cache), false)
#4 C:\xampp\htdocs\testing\public\index.php(38): CodeIgniter\CodeIgniter->run()
#5 {main}
CRITICAL - 2022-01-31 17:21:33 --> syntax error, unexpected 'public' (T_PUBLIC)
#0 C:\xampp\htdocs\testing\system\Router\Router.php(175): CodeIgniter\Router\Router->autoRoute('ajaxsearch')
#1 C:\xampp\htdocs\testing\system\CodeIgniter.php(719): CodeIgniter\Router\Router->handle('ajaxsearch')
#2 C:\xampp\htdocs\testing\system\CodeIgniter.php(361): CodeIgniter\CodeIgniter->tryToRouteIt(Object(CodeIgniter\Router\RouteCollection))
#3 C:\xampp\htdocs\testing\system\CodeIgniter.php(320): CodeIgniter\CodeIgniter->handleRequest(NULL, Object(Config\Cache), false)
#4 C:\xampp\htdocs\testing\public\index.php(38): CodeIgniter\CodeIgniter->run()
#5 {main}
CRITICAL - 2022-01-31 17:21:46 --> syntax error, unexpected 'helper' (T_STRING), expecting function (T_FUNCTION) or const (T_CONST)
#0 C:\xampp\htdocs\testing\system\Router\Router.php(175): CodeIgniter\Router\Router->autoRoute('ajaxsearch')
#1 C:\xampp\htdocs\testing\system\CodeIgniter.php(719): CodeIgniter\Router\Router->handle('ajaxsearch')
#2 C:\xampp\htdocs\testing\system\CodeIgniter.php(361): CodeIgniter\CodeIgniter->tryToRouteIt(Object(CodeIgniter\Router\RouteCollection))
#3 C:\xampp\htdocs\testing\system\CodeIgniter.php(320): CodeIgniter\CodeIgniter->handleRequest(NULL, Object(Config\Cache), false)
#4 C:\xampp\htdocs\testing\public\index.php(38): CodeIgniter\CodeIgniter->run()
#5 {main}
CRITICAL - 2022-01-31 17:21:47 --> syntax error, unexpected 'helper' (T_STRING), expecting function (T_FUNCTION) or const (T_CONST)
#0 C:\xampp\htdocs\testing\system\Router\Router.php(175): CodeIgniter\Router\Router->autoRoute('ajaxsearch')
#1 C:\xampp\htdocs\testing\system\CodeIgniter.php(719): CodeIgniter\Router\Router->handle('ajaxsearch')
#2 C:\xampp\htdocs\testing\system\CodeIgniter.php(361): CodeIgniter\CodeIgniter->tryToRouteIt(Object(CodeIgniter\Router\RouteCollection))
#3 C:\xampp\htdocs\testing\system\CodeIgniter.php(320): CodeIgniter\CodeIgniter->handleRequest(NULL, Object(Config\Cache), false)
#4 C:\xampp\htdocs\testing\public\index.php(38): CodeIgniter\CodeIgniter->run()
#5 {main}
CRITICAL - 2022-01-31 17:54:52 --> syntax error, unexpected '<'
#0 C:\xampp\htdocs\testing\system\Router\Router.php(175): CodeIgniter\Router\Router->autoRoute('ajaxsearch')
#1 C:\xampp\htdocs\testing\system\CodeIgniter.php(719): CodeIgniter\Router\Router->handle('ajaxsearch')
#2 C:\xampp\htdocs\testing\system\CodeIgniter.php(361): CodeIgniter\CodeIgniter->tryToRouteIt(Object(CodeIgniter\Router\RouteCollection))
#3 C:\xampp\htdocs\testing\system\CodeIgniter.php(320): CodeIgniter\CodeIgniter->handleRequest(NULL, Object(Config\Cache), false)
#4 C:\xampp\htdocs\testing\public\index.php(38): CodeIgniter\CodeIgniter->run()
#5 {main}
CRITICAL - 2022-01-31 18:17:16 --> Can only throw objects
#0 C:\xampp\htdocs\testing\system\Common.php(1089): CodeIgniter\View\View->render('home', Array, true)
#1 C:\xampp\htdocs\testing\app\Controllers\Ajaxsearch.php(10): view('home')
#2 C:\xampp\htdocs\testing\system\CodeIgniter.php(825): App\Controllers\ajaxSearch->index()
#3 C:\xampp\htdocs\testing\system\CodeIgniter.php(412): CodeIgniter\CodeIgniter->runController(Object(App\Controllers\ajaxSearch))
#4 C:\xampp\htdocs\testing\system\CodeIgniter.php(320): CodeIgniter\CodeIgniter->handleRequest(NULL, Object(Config\Cache), false)
#5 C:\xampp\htdocs\testing\public\index.php(38): CodeIgniter\CodeIgniter->run()
#6 {main}
CRITICAL - 2022-01-31 18:23:17 --> Can only throw objects
#0 C:\xampp\htdocs\testing\system\Common.php(1089): CodeIgniter\View\View->render('home', Array, true)
#1 C:\xampp\htdocs\testing\app\Controllers\Ajaxsearch.php(10): view('home')
#2 C:\xampp\htdocs\testing\system\CodeIgniter.php(825): App\Controllers\ajaxSearch->index()
#3 C:\xampp\htdocs\testing\system\CodeIgniter.php(412): CodeIgniter\CodeIgniter->runController(Object(App\Controllers\ajaxSearch))
#4 C:\xampp\htdocs\testing\system\CodeIgniter.php(320): CodeIgniter\CodeIgniter->handleRequest(NULL, Object(Config\Cache), false)
#5 C:\xampp\htdocs\testing\public\index.php(38): CodeIgniter\CodeIgniter->run()
#6 {main}
CRITICAL - 2022-01-31 18:24:27 --> Can only throw objects
#0 C:\xampp\htdocs\testing\system\Common.php(1089): CodeIgniter\View\View->render('home', Array, true)
#1 C:\xampp\htdocs\testing\app\Controllers\Ajaxsearch.php(10): view('home')
#2 C:\xampp\htdocs\testing\system\CodeIgniter.php(825): App\Controllers\ajaxSearch->index()
#3 C:\xampp\htdocs\testing\system\CodeIgniter.php(412): CodeIgniter\CodeIgniter->runController(Object(App\Controllers\ajaxSearch))
#4 C:\xampp\htdocs\testing\system\CodeIgniter.php(320): CodeIgniter\CodeIgniter->handleRequest(NULL, Object(Config\Cache), false)
#5 C:\xampp\htdocs\testing\public\index.php(38): CodeIgniter\CodeIgniter->run()
#6 {main}
CRITICAL - 2022-01-31 18:24:28 --> Can only throw objects
#0 C:\xampp\htdocs\testing\system\Common.php(1089): CodeIgniter\View\View->render('home', Array, true)
#1 C:\xampp\htdocs\testing\app\Controllers\Ajaxsearch.php(10): view('home')
#2 C:\xampp\htdocs\testing\system\CodeIgniter.php(825): App\Controllers\ajaxSearch->index()
#3 C:\xampp\htdocs\testing\system\CodeIgniter.php(412): CodeIgniter\CodeIgniter->runController(Object(App\Controllers\ajaxSearch))
#4 C:\xampp\htdocs\testing\system\CodeIgniter.php(320): CodeIgniter\CodeIgniter->handleRequest(NULL, Object(Config\Cache), false)
#5 C:\xampp\htdocs\testing\public\index.php(38): CodeIgniter\CodeIgniter->run()
#6 {main}
CRITICAL - 2022-01-31 18:25:06 --> Can only throw objects
#0 C:\xampp\htdocs\testing\system\Common.php(1089): CodeIgniter\View\View->render('home', Array, true)
#1 C:\xampp\htdocs\testing\app\Controllers\Ajaxsearch.php(10): view('home')
#2 C:\xampp\htdocs\testing\system\CodeIgniter.php(825): App\Controllers\ajaxSearch->index()
#3 C:\xampp\htdocs\testing\system\CodeIgniter.php(412): CodeIgniter\CodeIgniter->runController(Object(App\Controllers\ajaxSearch))
#4 C:\xampp\htdocs\testing\system\CodeIgniter.php(320): CodeIgniter\CodeIgniter->handleRequest(NULL, Object(Config\Cache), false)
#5 C:\xampp\htdocs\testing\public\index.php(38): CodeIgniter\CodeIgniter->run()
#6 {main}
CRITICAL - 2022-01-31 18:25:07 --> Can only throw objects
#0 C:\xampp\htdocs\testing\system\Common.php(1089): CodeIgniter\View\View->render('home', Array, true)
#1 C:\xampp\htdocs\testing\app\Controllers\Ajaxsearch.php(10): view('home')
#2 C:\xampp\htdocs\testing\system\CodeIgniter.php(825): App\Controllers\ajaxSearch->index()
#3 C:\xampp\htdocs\testing\system\CodeIgniter.php(412): CodeIgniter\CodeIgniter->runController(Object(App\Controllers\ajaxSearch))
#4 C:\xampp\htdocs\testing\system\CodeIgniter.php(320): CodeIgniter\CodeIgniter->handleRequest(NULL, Object(Config\Cache), false)
#5 C:\xampp\htdocs\testing\public\index.php(38): CodeIgniter\CodeIgniter->run()
#6 {main}
CRITICAL - 2022-01-31 18:25:07 --> Can only throw objects
#0 C:\xampp\htdocs\testing\system\Common.php(1089): CodeIgniter\View\View->render('home', Array, true)
#1 C:\xampp\htdocs\testing\app\Controllers\Ajaxsearch.php(10): view('home')
#2 C:\xampp\htdocs\testing\system\CodeIgniter.php(825): App\Controllers\ajaxSearch->index()
#3 C:\xampp\htdocs\testing\system\CodeIgniter.php(412): CodeIgniter\CodeIgniter->runController(Object(App\Controllers\ajaxSearch))
#4 C:\xampp\htdocs\testing\system\CodeIgniter.php(320): CodeIgniter\CodeIgniter->handleRequest(NULL, Object(Config\Cache), false)
#5 C:\xampp\htdocs\testing\public\index.php(38): CodeIgniter\CodeIgniter->run()
#6 {main}
CRITICAL - 2022-01-31 18:25:44 --> Can only throw objects
#0 C:\xampp\htdocs\testing\system\Common.php(1089): CodeIgniter\View\View->render('ajaxsearch', Array, true)
#1 C:\xampp\htdocs\testing\app\Controllers\Ajaxsearch.php(10): view('ajaxsearch')
#2 C:\xampp\htdocs\testing\system\CodeIgniter.php(825): App\Controllers\ajaxSearch->index()
#3 C:\xampp\htdocs\testing\system\CodeIgniter.php(412): CodeIgniter\CodeIgniter->runController(Object(App\Controllers\ajaxSearch))
#4 C:\xampp\htdocs\testing\system\CodeIgniter.php(320): CodeIgniter\CodeIgniter->handleRequest(NULL, Object(Config\Cache), false)
#5 C:\xampp\htdocs\testing\public\index.php(38): CodeIgniter\CodeIgniter->run()
#6 {main}
CRITICAL - 2022-01-31 18:25:45 --> Can only throw objects
#0 C:\xampp\htdocs\testing\system\Common.php(1089): CodeIgniter\View\View->render('ajaxsearch', Array, true)
#1 C:\xampp\htdocs\testing\app\Controllers\Ajaxsearch.php(10): view('ajaxsearch')
#2 C:\xampp\htdocs\testing\system\CodeIgniter.php(825): App\Controllers\ajaxSearch->index()
#3 C:\xampp\htdocs\testing\system\CodeIgniter.php(412): CodeIgniter\CodeIgniter->runController(Object(App\Controllers\ajaxSearch))
#4 C:\xampp\htdocs\testing\system\CodeIgniter.php(320): CodeIgniter\CodeIgniter->handleRequest(NULL, Object(Config\Cache), false)
#5 C:\xampp\htdocs\testing\public\index.php(38): CodeIgniter\CodeIgniter->run()
#6 {main}
CRITICAL - 2022-01-31 18:25:45 --> Can only throw objects
#0 C:\xampp\htdocs\testing\system\Common.php(1089): CodeIgniter\View\View->render('ajaxsearch', Array, true)
#1 C:\xampp\htdocs\testing\app\Controllers\Ajaxsearch.php(10): view('ajaxsearch')
#2 C:\xampp\htdocs\testing\system\CodeIgniter.php(825): App\Controllers\ajaxSearch->index()
#3 C:\xampp\htdocs\testing\system\CodeIgniter.php(412): CodeIgniter\CodeIgniter->runController(Object(App\Controllers\ajaxSearch))
#4 C:\xampp\htdocs\testing\system\CodeIgniter.php(320): CodeIgniter\CodeIgniter->handleRequest(NULL, Object(Config\Cache), false)
#5 C:\xampp\htdocs\testing\public\index.php(38): CodeIgniter\CodeIgniter->run()
#6 {main}
CRITICAL - 2022-01-31 18:26:25 --> Can only throw objects
#0 C:\xampp\htdocs\testing\system\Common.php(1089): CodeIgniter\View\View->render('ajaxsearch', Array, true)
#1 C:\xampp\htdocs\testing\app\Controllers\Ajaxsearch.php(10): view('ajaxsearch')
#2 C:\xampp\htdocs\testing\system\CodeIgniter.php(825): App\Controllers\ajaxSearch->index()
#3 C:\xampp\htdocs\testing\system\CodeIgniter.php(412): CodeIgniter\CodeIgniter->runController(Object(App\Controllers\ajaxSearch))
#4 C:\xampp\htdocs\testing\system\CodeIgniter.php(320): CodeIgniter\CodeIgniter->handleRequest(NULL, Object(Config\Cache), false)
#5 C:\xampp\htdocs\testing\public\index.php(38): CodeIgniter\CodeIgniter->run()
#6 {main}
CRITICAL - 2022-01-31 18:26:25 --> Can only throw objects
#0 C:\xampp\htdocs\testing\system\Common.php(1089): CodeIgniter\View\View->render('ajaxsearch', Array, true)
#1 C:\xampp\htdocs\testing\app\Controllers\Ajaxsearch.php(10): view('ajaxsearch')
#2 C:\xampp\htdocs\testing\system\CodeIgniter.php(825): App\Controllers\ajaxSearch->index()
#3 C:\xampp\htdocs\testing\system\CodeIgniter.php(412): CodeIgniter\CodeIgniter->runController(Object(App\Controllers\ajaxSearch))
#4 C:\xampp\htdocs\testing\system\CodeIgniter.php(320): CodeIgniter\CodeIgniter->handleRequest(NULL, Object(Config\Cache), false)
#5 C:\xampp\htdocs\testing\public\index.php(38): CodeIgniter\CodeIgniter->run()
#6 {main}
CRITICAL - 2022-01-31 18:26:26 --> Can only throw objects
#0 C:\xampp\htdocs\testing\system\Common.php(1089): CodeIgniter\View\View->render('ajaxsearch', Array, true)
#1 C:\xampp\htdocs\testing\app\Controllers\Ajaxsearch.php(10): view('ajaxsearch')
#2 C:\xampp\htdocs\testing\system\CodeIgniter.php(825): App\Controllers\ajaxSearch->index()
#3 C:\xampp\htdocs\testing\system\CodeIgniter.php(412): CodeIgniter\CodeIgniter->runController(Object(App\Controllers\ajaxSearch))
#4 C:\xampp\htdocs\testing\system\CodeIgniter.php(320): CodeIgniter\CodeIgniter->handleRequest(NULL, Object(Config\Cache), false)
#5 C:\xampp\htdocs\testing\public\index.php(38): CodeIgniter\CodeIgniter->run()
#6 {main}
CRITICAL - 2022-01-31 18:26:26 --> Can only throw objects
#0 C:\xampp\htdocs\testing\system\Common.php(1089): CodeIgniter\View\View->render('ajaxsearch', Array, true)
#1 C:\xampp\htdocs\testing\app\Controllers\Ajaxsearch.php(10): view('ajaxsearch')
#2 C:\xampp\htdocs\testing\system\CodeIgniter.php(825): App\Controllers\ajaxSearch->index()
#3 C:\xampp\htdocs\testing\system\CodeIgniter.php(412): CodeIgniter\CodeIgniter->runController(Object(App\Controllers\ajaxSearch))
#4 C:\xampp\htdocs\testing\system\CodeIgniter.php(320): CodeIgniter\CodeIgniter->handleRequest(NULL, Object(Config\Cache), false)
#5 C:\xampp\htdocs\testing\public\index.php(38): CodeIgniter\CodeIgniter->run()
#6 {main}
CRITICAL - 2022-01-31 18:26:26 --> Can only throw objects
#0 C:\xampp\htdocs\testing\system\Common.php(1089): CodeIgniter\View\View->render('ajaxsearch', Array, true)
#1 C:\xampp\htdocs\testing\app\Controllers\Ajaxsearch.php(10): view('ajaxsearch')
#2 C:\xampp\htdocs\testing\system\CodeIgniter.php(825): App\Controllers\ajaxSearch->index()
#3 C:\xampp\htdocs\testing\system\CodeIgniter.php(412): CodeIgniter\CodeIgniter->runController(Object(App\Controllers\ajaxSearch))
#4 C:\xampp\htdocs\testing\system\CodeIgniter.php(320): CodeIgniter\CodeIgniter->handleRequest(NULL, Object(Config\Cache), false)
#5 C:\xampp\htdocs\testing\public\index.php(38): CodeIgniter\CodeIgniter->run()
#6 {main}
