CRITICAL - 2022-01-20 11:52:20 --> syntax error, unexpected 'public' (T_PUBLIC), expecting end of file
#0 C:\xampp\htdocs\testing\system\Autoloader\Autoloader.php(241): CodeIgniter\Autoloader\Autoloader->includeFile('C:\\xampp\\htdocs...')
#1 C:\xampp\htdocs\testing\system\Autoloader\Autoloader.php(219): CodeIgniter\Autoloader\Autoloader->loadInNamespace('App\\Models\\Form...')
#2 [internal function]: CodeIgniter\Autoloader\Autoloader->loadClass('App\\Models\\Form...')
#3 C:\xampp\htdocs\testing\app\Controllers\Formularios.php(54): spl_autoload_call('App\\Models\\Form...')
#4 C:\xampp\htdocs\testing\system\CodeIgniter.php(825): App\Controllers\Formularios->editar('20423')
#5 C:\xampp\htdocs\testing\system\CodeIgniter.php(412): CodeIgniter\CodeIgniter->runController(Object(App\Controllers\Formularios))
#6 C:\xampp\htdocs\testing\system\CodeIgniter.php(320): CodeIgniter\CodeIgniter->handleRequest(NULL, Object(Config\Cache), false)
#7 C:\xampp\htdocs\testing\public\index.php(38): CodeIgniter\CodeIgniter->run()
#8 {main}
CRITICAL - 2022-01-20 11:54:18 --> syntax error, unexpected 'public' (T_PUBLIC), expecting end of file
#0 C:\xampp\htdocs\testing\system\Autoloader\Autoloader.php(241): CodeIgniter\Autoloader\Autoloader->includeFile('C:\\xampp\\htdocs...')
#1 C:\xampp\htdocs\testing\system\Autoloader\Autoloader.php(219): CodeIgniter\Autoloader\Autoloader->loadInNamespace('App\\Models\\Form...')
#2 [internal function]: CodeIgniter\Autoloader\Autoloader->loadClass('App\\Models\\Form...')
#3 C:\xampp\htdocs\testing\app\Controllers\Formularios.php(54): spl_autoload_call('App\\Models\\Form...')
#4 C:\xampp\htdocs\testing\system\CodeIgniter.php(825): App\Controllers\Formularios->editar('20423')
#5 C:\xampp\htdocs\testing\system\CodeIgniter.php(412): CodeIgniter\CodeIgniter->runController(Object(App\Controllers\Formularios))
#6 C:\xampp\htdocs\testing\system\CodeIgniter.php(320): CodeIgniter\CodeIgniter->handleRequest(NULL, Object(Config\Cache), false)
#7 C:\xampp\htdocs\testing\public\index.php(38): CodeIgniter\CodeIgniter->run()
#8 {main}
CRITICAL - 2022-01-20 11:54:20 --> syntax error, unexpected 'public' (T_PUBLIC), expecting end of file
#0 C:\xampp\htdocs\testing\system\Autoloader\Autoloader.php(241): CodeIgniter\Autoloader\Autoloader->includeFile('C:\\xampp\\htdocs...')
#1 C:\xampp\htdocs\testing\system\Autoloader\Autoloader.php(219): CodeIgniter\Autoloader\Autoloader->loadInNamespace('App\\Models\\Form...')
#2 [internal function]: CodeIgniter\Autoloader\Autoloader->loadClass('App\\Models\\Form...')
#3 C:\xampp\htdocs\testing\app\Controllers\Formularios.php(11): spl_autoload_call('App\\Models\\Form...')
#4 C:\xampp\htdocs\testing\system\CodeIgniter.php(825): App\Controllers\Formularios->index()
#5 C:\xampp\htdocs\testing\system\CodeIgniter.php(412): CodeIgniter\CodeIgniter->runController(Object(App\Controllers\Formularios))
#6 C:\xampp\htdocs\testing\system\CodeIgniter.php(320): CodeIgniter\CodeIgniter->handleRequest(NULL, Object(Config\Cache), false)
#7 C:\xampp\htdocs\testing\public\index.php(38): CodeIgniter\CodeIgniter->run()
#8 {main}
CRITICAL - 2022-01-20 11:54:23 --> syntax error, unexpected 'public' (T_PUBLIC), expecting end of file
#0 C:\xampp\htdocs\testing\system\Autoloader\Autoloader.php(241): CodeIgniter\Autoloader\Autoloader->includeFile('C:\\xampp\\htdocs...')
#1 C:\xampp\htdocs\testing\system\Autoloader\Autoloader.php(219): CodeIgniter\Autoloader\Autoloader->loadInNamespace('App\\Models\\Form...')
#2 [internal function]: CodeIgniter\Autoloader\Autoloader->loadClass('App\\Models\\Form...')
#3 C:\xampp\htdocs\testing\app\Controllers\Formularios.php(11): spl_autoload_call('App\\Models\\Form...')
#4 C:\xampp\htdocs\testing\system\CodeIgniter.php(825): App\Controllers\Formularios->index()
#5 C:\xampp\htdocs\testing\system\CodeIgniter.php(412): CodeIgniter\CodeIgniter->runController(Object(App\Controllers\Formularios))
#6 C:\xampp\htdocs\testing\system\CodeIgniter.php(320): CodeIgniter\CodeIgniter->handleRequest(NULL, Object(Config\Cache), false)
#7 C:\xampp\htdocs\testing\public\index.php(38): CodeIgniter\CodeIgniter->run()
#8 {main}
CRITICAL - 2022-01-20 11:55:35 --> syntax error, unexpected 'public' (T_PUBLIC), expecting end of file
#0 C:\xampp\htdocs\testing\system\Autoloader\Autoloader.php(241): CodeIgniter\Autoloader\Autoloader->includeFile('C:\\xampp\\htdocs...')
#1 C:\xampp\htdocs\testing\system\Autoloader\Autoloader.php(219): CodeIgniter\Autoloader\Autoloader->loadInNamespace('App\\Models\\Form...')
#2 [internal function]: CodeIgniter\Autoloader\Autoloader->loadClass('App\\Models\\Form...')
#3 C:\xampp\htdocs\testing\app\Controllers\Formularios.php(11): spl_autoload_call('App\\Models\\Form...')
#4 C:\xampp\htdocs\testing\system\CodeIgniter.php(825): App\Controllers\Formularios->index()
#5 C:\xampp\htdocs\testing\system\CodeIgniter.php(412): CodeIgniter\CodeIgniter->runController(Object(App\Controllers\Formularios))
#6 C:\xampp\htdocs\testing\system\CodeIgniter.php(320): CodeIgniter\CodeIgniter->handleRequest(NULL, Object(Config\Cache), false)
#7 C:\xampp\htdocs\testing\public\index.php(38): CodeIgniter\CodeIgniter->run()
#8 {main}
CRITICAL - 2022-01-20 11:57:44 --> syntax error, unexpected 'public' (T_PUBLIC), expecting end of file
#0 C:\xampp\htdocs\testing\system\Autoloader\Autoloader.php(241): CodeIgniter\Autoloader\Autoloader->includeFile('C:\\xampp\\htdocs...')
#1 C:\xampp\htdocs\testing\system\Autoloader\Autoloader.php(219): CodeIgniter\Autoloader\Autoloader->loadInNamespace('App\\Models\\Form...')
#2 [internal function]: CodeIgniter\Autoloader\Autoloader->loadClass('App\\Models\\Form...')
#3 C:\xampp\htdocs\testing\app\Controllers\Formularios.php(11): spl_autoload_call('App\\Models\\Form...')
#4 C:\xampp\htdocs\testing\system\CodeIgniter.php(825): App\Controllers\Formularios->index()
#5 C:\xampp\htdocs\testing\system\CodeIgniter.php(412): CodeIgniter\CodeIgniter->runController(Object(App\Controllers\Formularios))
#6 C:\xampp\htdocs\testing\system\CodeIgniter.php(320): CodeIgniter\CodeIgniter->handleRequest(NULL, Object(Config\Cache), false)
#7 C:\xampp\htdocs\testing\public\index.php(38): CodeIgniter\CodeIgniter->run()
#8 {main}
CRITICAL - 2022-01-20 11:57:45 --> syntax error, unexpected 'public' (T_PUBLIC), expecting end of file
#0 C:\xampp\htdocs\testing\system\Autoloader\Autoloader.php(241): CodeIgniter\Autoloader\Autoloader->includeFile('C:\\xampp\\htdocs...')
#1 C:\xampp\htdocs\testing\system\Autoloader\Autoloader.php(219): CodeIgniter\Autoloader\Autoloader->loadInNamespace('App\\Models\\Form...')
#2 [internal function]: CodeIgniter\Autoloader\Autoloader->loadClass('App\\Models\\Form...')
#3 C:\xampp\htdocs\testing\app\Controllers\Formularios.php(11): spl_autoload_call('App\\Models\\Form...')
#4 C:\xampp\htdocs\testing\system\CodeIgniter.php(825): App\Controllers\Formularios->index()
#5 C:\xampp\htdocs\testing\system\CodeIgniter.php(412): CodeIgniter\CodeIgniter->runController(Object(App\Controllers\Formularios))
#6 C:\xampp\htdocs\testing\system\CodeIgniter.php(320): CodeIgniter\CodeIgniter->handleRequest(NULL, Object(Config\Cache), false)
#7 C:\xampp\htdocs\testing\public\index.php(38): CodeIgniter\CodeIgniter->run()
#8 {main}
CRITICAL - 2022-01-20 11:57:46 --> syntax error, unexpected 'public' (T_PUBLIC), expecting end of file
#0 C:\xampp\htdocs\testing\system\Autoloader\Autoloader.php(241): CodeIgniter\Autoloader\Autoloader->includeFile('C:\\xampp\\htdocs...')
#1 C:\xampp\htdocs\testing\system\Autoloader\Autoloader.php(219): CodeIgniter\Autoloader\Autoloader->loadInNamespace('App\\Models\\Form...')
#2 [internal function]: CodeIgniter\Autoloader\Autoloader->loadClass('App\\Models\\Form...')
#3 C:\xampp\htdocs\testing\app\Controllers\Formularios.php(11): spl_autoload_call('App\\Models\\Form...')
#4 C:\xampp\htdocs\testing\system\CodeIgniter.php(825): App\Controllers\Formularios->index()
#5 C:\xampp\htdocs\testing\system\CodeIgniter.php(412): CodeIgniter\CodeIgniter->runController(Object(App\Controllers\Formularios))
#6 C:\xampp\htdocs\testing\system\CodeIgniter.php(320): CodeIgniter\CodeIgniter->handleRequest(NULL, Object(Config\Cache), false)
#7 C:\xampp\htdocs\testing\public\index.php(38): CodeIgniter\CodeIgniter->run()
#8 {main}
CRITICAL - 2022-01-20 11:57:46 --> syntax error, unexpected 'public' (T_PUBLIC), expecting end of file
#0 C:\xampp\htdocs\testing\system\Autoloader\Autoloader.php(241): CodeIgniter\Autoloader\Autoloader->includeFile('C:\\xampp\\htdocs...')
#1 C:\xampp\htdocs\testing\system\Autoloader\Autoloader.php(219): CodeIgniter\Autoloader\Autoloader->loadInNamespace('App\\Models\\Form...')
#2 [internal function]: CodeIgniter\Autoloader\Autoloader->loadClass('App\\Models\\Form...')
#3 C:\xampp\htdocs\testing\app\Controllers\Formularios.php(11): spl_autoload_call('App\\Models\\Form...')
#4 C:\xampp\htdocs\testing\system\CodeIgniter.php(825): App\Controllers\Formularios->index()
#5 C:\xampp\htdocs\testing\system\CodeIgniter.php(412): CodeIgniter\CodeIgniter->runController(Object(App\Controllers\Formularios))
#6 C:\xampp\htdocs\testing\system\CodeIgniter.php(320): CodeIgniter\CodeIgniter->handleRequest(NULL, Object(Config\Cache), false)
#7 C:\xampp\htdocs\testing\public\index.php(38): CodeIgniter\CodeIgniter->run()
#8 {main}
CRITICAL - 2022-01-20 11:57:46 --> syntax error, unexpected 'public' (T_PUBLIC), expecting end of file
#0 C:\xampp\htdocs\testing\system\Autoloader\Autoloader.php(241): CodeIgniter\Autoloader\Autoloader->includeFile('C:\\xampp\\htdocs...')
#1 C:\xampp\htdocs\testing\system\Autoloader\Autoloader.php(219): CodeIgniter\Autoloader\Autoloader->loadInNamespace('App\\Models\\Form...')
#2 [internal function]: CodeIgniter\Autoloader\Autoloader->loadClass('App\\Models\\Form...')
#3 C:\xampp\htdocs\testing\app\Controllers\Formularios.php(11): spl_autoload_call('App\\Models\\Form...')
#4 C:\xampp\htdocs\testing\system\CodeIgniter.php(825): App\Controllers\Formularios->index()
#5 C:\xampp\htdocs\testing\system\CodeIgniter.php(412): CodeIgniter\CodeIgniter->runController(Object(App\Controllers\Formularios))
#6 C:\xampp\htdocs\testing\system\CodeIgniter.php(320): CodeIgniter\CodeIgniter->handleRequest(NULL, Object(Config\Cache), false)
#7 C:\xampp\htdocs\testing\public\index.php(38): CodeIgniter\CodeIgniter->run()
#8 {main}
CRITICAL - 2022-01-20 11:57:46 --> syntax error, unexpected 'public' (T_PUBLIC), expecting end of file
#0 C:\xampp\htdocs\testing\system\Autoloader\Autoloader.php(241): CodeIgniter\Autoloader\Autoloader->includeFile('C:\\xampp\\htdocs...')
#1 C:\xampp\htdocs\testing\system\Autoloader\Autoloader.php(219): CodeIgniter\Autoloader\Autoloader->loadInNamespace('App\\Models\\Form...')
#2 [internal function]: CodeIgniter\Autoloader\Autoloader->loadClass('App\\Models\\Form...')
#3 C:\xampp\htdocs\testing\app\Controllers\Formularios.php(11): spl_autoload_call('App\\Models\\Form...')
#4 C:\xampp\htdocs\testing\system\CodeIgniter.php(825): App\Controllers\Formularios->index()
#5 C:\xampp\htdocs\testing\system\CodeIgniter.php(412): CodeIgniter\CodeIgniter->runController(Object(App\Controllers\Formularios))
#6 C:\xampp\htdocs\testing\system\CodeIgniter.php(320): CodeIgniter\CodeIgniter->handleRequest(NULL, Object(Config\Cache), false)
#7 C:\xampp\htdocs\testing\public\index.php(38): CodeIgniter\CodeIgniter->run()
#8 {main}
CRITICAL - 2022-01-20 11:57:47 --> syntax error, unexpected 'public' (T_PUBLIC), expecting end of file
#0 C:\xampp\htdocs\testing\system\Autoloader\Autoloader.php(241): CodeIgniter\Autoloader\Autoloader->includeFile('C:\\xampp\\htdocs...')
#1 C:\xampp\htdocs\testing\system\Autoloader\Autoloader.php(219): CodeIgniter\Autoloader\Autoloader->loadInNamespace('App\\Models\\Form...')
#2 [internal function]: CodeIgniter\Autoloader\Autoloader->loadClass('App\\Models\\Form...')
#3 C:\xampp\htdocs\testing\app\Controllers\Formularios.php(11): spl_autoload_call('App\\Models\\Form...')
#4 C:\xampp\htdocs\testing\system\CodeIgniter.php(825): App\Controllers\Formularios->index()
#5 C:\xampp\htdocs\testing\system\CodeIgniter.php(412): CodeIgniter\CodeIgniter->runController(Object(App\Controllers\Formularios))
#6 C:\xampp\htdocs\testing\system\CodeIgniter.php(320): CodeIgniter\CodeIgniter->handleRequest(NULL, Object(Config\Cache), false)
#7 C:\xampp\htdocs\testing\public\index.php(38): CodeIgniter\CodeIgniter->run()
#8 {main}
CRITICAL - 2022-01-20 12:06:15 --> Cannot redeclare App\Models\Formulario::$table
#0 [internal function]: CodeIgniter\Debug\Exceptions->shutdownHandler()
#1 {main}
CRITICAL - 2022-01-20 12:06:36 --> Call to a member function getEntradas() on null
#0 C:\xampp\htdocs\testing\system\CodeIgniter.php(825): App\Controllers\Formularios->searching()
#1 C:\xampp\htdocs\testing\system\CodeIgniter.php(412): CodeIgniter\CodeIgniter->runController(Object(App\Controllers\Formularios))
#2 C:\xampp\htdocs\testing\system\CodeIgniter.php(320): CodeIgniter\CodeIgniter->handleRequest(NULL, Object(Config\Cache), false)
#3 C:\xampp\htdocs\testing\public\index.php(38): CodeIgniter\CodeIgniter->run()
#4 {main}
CRITICAL - 2022-01-20 12:06:39 --> Call to a member function getEntradas() on null
#0 C:\xampp\htdocs\testing\system\CodeIgniter.php(825): App\Controllers\Formularios->searching()
#1 C:\xampp\htdocs\testing\system\CodeIgniter.php(412): CodeIgniter\CodeIgniter->runController(Object(App\Controllers\Formularios))
#2 C:\xampp\htdocs\testing\system\CodeIgniter.php(320): CodeIgniter\CodeIgniter->handleRequest(NULL, Object(Config\Cache), false)
#3 C:\xampp\htdocs\testing\public\index.php(38): CodeIgniter\CodeIgniter->run()
#4 {main}
CRITICAL - 2022-01-20 12:07:00 --> Call to a member function getEntradas() on null
#0 C:\xampp\htdocs\testing\system\CodeIgniter.php(825): App\Controllers\Formularios->searching()
#1 C:\xampp\htdocs\testing\system\CodeIgniter.php(412): CodeIgniter\CodeIgniter->runController(Object(App\Controllers\Formularios))
#2 C:\xampp\htdocs\testing\system\CodeIgniter.php(320): CodeIgniter\CodeIgniter->handleRequest(NULL, Object(Config\Cache), false)
#3 C:\xampp\htdocs\testing\public\index.php(38): CodeIgniter\CodeIgniter->run()
#4 {main}
CRITICAL - 2022-01-20 12:08:29 --> Call to a member function searching() on null
#0 C:\xampp\htdocs\testing\system\CodeIgniter.php(825): App\Controllers\Formularios->searching()
#1 C:\xampp\htdocs\testing\system\CodeIgniter.php(412): CodeIgniter\CodeIgniter->runController(Object(App\Controllers\Formularios))
#2 C:\xampp\htdocs\testing\system\CodeIgniter.php(320): CodeIgniter\CodeIgniter->handleRequest(NULL, Object(Config\Cache), false)
#3 C:\xampp\htdocs\testing\public\index.php(38): CodeIgniter\CodeIgniter->run()
#4 {main}
CRITICAL - 2022-01-20 12:08:30 --> Call to a member function searching() on null
#0 C:\xampp\htdocs\testing\system\CodeIgniter.php(825): App\Controllers\Formularios->searching()
#1 C:\xampp\htdocs\testing\system\CodeIgniter.php(412): CodeIgniter\CodeIgniter->runController(Object(App\Controllers\Formularios))
#2 C:\xampp\htdocs\testing\system\CodeIgniter.php(320): CodeIgniter\CodeIgniter->handleRequest(NULL, Object(Config\Cache), false)
#3 C:\xampp\htdocs\testing\public\index.php(38): CodeIgniter\CodeIgniter->run()
#4 {main}
CRITICAL - 2022-01-20 12:51:03 --> Call to a member function searching() on null
#0 C:\xampp\htdocs\testing\system\CodeIgniter.php(825): App\Controllers\Formularios->searching()
#1 C:\xampp\htdocs\testing\system\CodeIgniter.php(412): CodeIgniter\CodeIgniter->runController(Object(App\Controllers\Formularios))
#2 C:\xampp\htdocs\testing\system\CodeIgniter.php(320): CodeIgniter\CodeIgniter->handleRequest(NULL, Object(Config\Cache), false)
#3 C:\xampp\htdocs\testing\public\index.php(38): CodeIgniter\CodeIgniter->run()
#4 {main}
CRITICAL - 2022-01-20 12:51:04 --> Call to a member function searching() on null
#0 C:\xampp\htdocs\testing\system\CodeIgniter.php(825): App\Controllers\Formularios->searching()
#1 C:\xampp\htdocs\testing\system\CodeIgniter.php(412): CodeIgniter\CodeIgniter->runController(Object(App\Controllers\Formularios))
#2 C:\xampp\htdocs\testing\system\CodeIgniter.php(320): CodeIgniter\CodeIgniter->handleRequest(NULL, Object(Config\Cache), false)
#3 C:\xampp\htdocs\testing\public\index.php(38): CodeIgniter\CodeIgniter->run()
#4 {main}
CRITICAL - 2022-01-20 12:51:05 --> Call to a member function searching() on null
#0 C:\xampp\htdocs\testing\system\CodeIgniter.php(825): App\Controllers\Formularios->searching()
#1 C:\xampp\htdocs\testing\system\CodeIgniter.php(412): CodeIgniter\CodeIgniter->runController(Object(App\Controllers\Formularios))
#2 C:\xampp\htdocs\testing\system\CodeIgniter.php(320): CodeIgniter\CodeIgniter->handleRequest(NULL, Object(Config\Cache), false)
#3 C:\xampp\htdocs\testing\public\index.php(38): CodeIgniter\CodeIgniter->run()
#4 {main}
CRITICAL - 2022-01-20 12:51:37 --> Call to a member function searching() on null
#0 C:\xampp\htdocs\testing\system\CodeIgniter.php(825): App\Controllers\Formularios->searching()
#1 C:\xampp\htdocs\testing\system\CodeIgniter.php(412): CodeIgniter\CodeIgniter->runController(Object(App\Controllers\Formularios))
#2 C:\xampp\htdocs\testing\system\CodeIgniter.php(320): CodeIgniter\CodeIgniter->handleRequest(NULL, Object(Config\Cache), false)
#3 C:\xampp\htdocs\testing\public\index.php(38): CodeIgniter\CodeIgniter->run()
#4 {main}
CRITICAL - 2022-01-20 12:51:38 --> Call to a member function searching() on null
#0 C:\xampp\htdocs\testing\system\CodeIgniter.php(825): App\Controllers\Formularios->searching()
#1 C:\xampp\htdocs\testing\system\CodeIgniter.php(412): CodeIgniter\CodeIgniter->runController(Object(App\Controllers\Formularios))
#2 C:\xampp\htdocs\testing\system\CodeIgniter.php(320): CodeIgniter\CodeIgniter->handleRequest(NULL, Object(Config\Cache), false)
#3 C:\xampp\htdocs\testing\public\index.php(38): CodeIgniter\CodeIgniter->run()
#4 {main}
CRITICAL - 2022-01-20 12:52:39 --> Call to a member function searching() on null
#0 C:\xampp\htdocs\testing\system\CodeIgniter.php(825): App\Controllers\Formularios->searching()
#1 C:\xampp\htdocs\testing\system\CodeIgniter.php(412): CodeIgniter\CodeIgniter->runController(Object(App\Controllers\Formularios))
#2 C:\xampp\htdocs\testing\system\CodeIgniter.php(320): CodeIgniter\CodeIgniter->handleRequest(NULL, Object(Config\Cache), false)
#3 C:\xampp\htdocs\testing\public\index.php(38): CodeIgniter\CodeIgniter->run()
#4 {main}
CRITICAL - 2022-01-20 12:52:41 --> Call to a member function searching() on null
#0 C:\xampp\htdocs\testing\system\CodeIgniter.php(825): App\Controllers\Formularios->searching()
#1 C:\xampp\htdocs\testing\system\CodeIgniter.php(412): CodeIgniter\CodeIgniter->runController(Object(App\Controllers\Formularios))
#2 C:\xampp\htdocs\testing\system\CodeIgniter.php(320): CodeIgniter\CodeIgniter->handleRequest(NULL, Object(Config\Cache), false)
#3 C:\xampp\htdocs\testing\public\index.php(38): CodeIgniter\CodeIgniter->run()
#4 {main}
CRITICAL - 2022-01-20 12:56:53 --> Call to a member function getSearching() on null
#0 C:\xampp\htdocs\testing\system\CodeIgniter.php(825): App\Controllers\Formularios->getSearching()
#1 C:\xampp\htdocs\testing\system\CodeIgniter.php(412): CodeIgniter\CodeIgniter->runController(Object(App\Controllers\Formularios))
#2 C:\xampp\htdocs\testing\system\CodeIgniter.php(320): CodeIgniter\CodeIgniter->handleRequest(NULL, Object(Config\Cache), false)
#3 C:\xampp\htdocs\testing\public\index.php(38): CodeIgniter\CodeIgniter->run()
#4 {main}
CRITICAL - 2022-01-20 13:14:08 --> Call to a member function getSearching() on null
#0 C:\xampp\htdocs\testing\system\CodeIgniter.php(825): App\Controllers\Formularios->getSearching()
#1 C:\xampp\htdocs\testing\system\CodeIgniter.php(412): CodeIgniter\CodeIgniter->runController(Object(App\Controllers\Formularios))
#2 C:\xampp\htdocs\testing\system\CodeIgniter.php(320): CodeIgniter\CodeIgniter->handleRequest(NULL, Object(Config\Cache), false)
#3 C:\xampp\htdocs\testing\public\index.php(38): CodeIgniter\CodeIgniter->run()
#4 {main}
CRITICAL - 2022-01-20 13:14:09 --> Call to a member function getSearching() on null
#0 C:\xampp\htdocs\testing\system\CodeIgniter.php(825): App\Controllers\Formularios->getSearching()
#1 C:\xampp\htdocs\testing\system\CodeIgniter.php(412): CodeIgniter\CodeIgniter->runController(Object(App\Controllers\Formularios))
#2 C:\xampp\htdocs\testing\system\CodeIgniter.php(320): CodeIgniter\CodeIgniter->handleRequest(NULL, Object(Config\Cache), false)
#3 C:\xampp\htdocs\testing\public\index.php(38): CodeIgniter\CodeIgniter->run()
#4 {main}
CRITICAL - 2022-01-20 13:14:10 --> Call to a member function getSearching() on null
#0 C:\xampp\htdocs\testing\system\CodeIgniter.php(825): App\Controllers\Formularios->getSearching()
#1 C:\xampp\htdocs\testing\system\CodeIgniter.php(412): CodeIgniter\CodeIgniter->runController(Object(App\Controllers\Formularios))
#2 C:\xampp\htdocs\testing\system\CodeIgniter.php(320): CodeIgniter\CodeIgniter->handleRequest(NULL, Object(Config\Cache), false)
#3 C:\xampp\htdocs\testing\public\index.php(38): CodeIgniter\CodeIgniter->run()
#4 {main}
CRITICAL - 2022-01-20 13:15:55 --> Call to a member function getSearching() on null
#0 C:\xampp\htdocs\testing\system\CodeIgniter.php(825): App\Controllers\Formularios->getSearching()
#1 C:\xampp\htdocs\testing\system\CodeIgniter.php(412): CodeIgniter\CodeIgniter->runController(Object(App\Controllers\Formularios))
#2 C:\xampp\htdocs\testing\system\CodeIgniter.php(320): CodeIgniter\CodeIgniter->handleRequest(NULL, Object(Config\Cache), false)
#3 C:\xampp\htdocs\testing\public\index.php(38): CodeIgniter\CodeIgniter->run()
#4 {main}
CRITICAL - 2022-01-20 13:19:37 --> Call to undefined method CodeIgniter\Database\MySQLi\Connection::select()
#0 C:\xampp\htdocs\testing\app\Controllers\Formularios.php(80): App\Models\Formulario->getSearching()
#1 C:\xampp\htdocs\testing\system\CodeIgniter.php(825): App\Controllers\Formularios->getSearching()
#2 C:\xampp\htdocs\testing\system\CodeIgniter.php(412): CodeIgniter\CodeIgniter->runController(Object(App\Controllers\Formularios))
#3 C:\xampp\htdocs\testing\system\CodeIgniter.php(320): CodeIgniter\CodeIgniter->handleRequest(NULL, Object(Config\Cache), false)
#4 C:\xampp\htdocs\testing\public\index.php(38): CodeIgniter\CodeIgniter->run()
#5 {main}
CRITICAL - 2022-01-20 13:26:11 --> Call to undefined method CodeIgniter\Database\MySQLi\Connection::from()
#0 C:\xampp\htdocs\testing\app\Controllers\Formularios.php(80): App\Models\Formulario->getSearching()
#1 C:\xampp\htdocs\testing\system\CodeIgniter.php(825): App\Controllers\Formularios->getSearching()
#2 C:\xampp\htdocs\testing\system\CodeIgniter.php(412): CodeIgniter\CodeIgniter->runController(Object(App\Controllers\Formularios))
#3 C:\xampp\htdocs\testing\system\CodeIgniter.php(320): CodeIgniter\CodeIgniter->handleRequest(NULL, Object(Config\Cache), false)
#4 C:\xampp\htdocs\testing\public\index.php(38): CodeIgniter\CodeIgniter->run()
#5 {main}
CRITICAL - 2022-01-20 13:26:30 --> Call to undefined method CodeIgniter\Database\MySQLi\Connection::join()
#0 C:\xampp\htdocs\testing\app\Controllers\Formularios.php(80): App\Models\Formulario->getSearching()
#1 C:\xampp\htdocs\testing\system\CodeIgniter.php(825): App\Controllers\Formularios->getSearching()
#2 C:\xampp\htdocs\testing\system\CodeIgniter.php(412): CodeIgniter\CodeIgniter->runController(Object(App\Controllers\Formularios))
#3 C:\xampp\htdocs\testing\system\CodeIgniter.php(320): CodeIgniter\CodeIgniter->handleRequest(NULL, Object(Config\Cache), false)
#4 C:\xampp\htdocs\testing\public\index.php(38): CodeIgniter\CodeIgniter->run()
#5 {main}
CRITICAL - 2022-01-20 13:26:58 --> Call to undefined method CodeIgniter\Database\MySQLi\Connection::get()
#0 C:\xampp\htdocs\testing\app\Controllers\Formularios.php(80): App\Models\Formulario->getSearching()
#1 C:\xampp\htdocs\testing\system\CodeIgniter.php(825): App\Controllers\Formularios->getSearching()
#2 C:\xampp\htdocs\testing\system\CodeIgniter.php(412): CodeIgniter\CodeIgniter->runController(Object(App\Controllers\Formularios))
#3 C:\xampp\htdocs\testing\system\CodeIgniter.php(320): CodeIgniter\CodeIgniter->handleRequest(NULL, Object(Config\Cache), false)
#4 C:\xampp\htdocs\testing\public\index.php(38): CodeIgniter\CodeIgniter->run()
#5 {main}
CRITICAL - 2022-01-20 13:28:06 --> Call to undefined method CodeIgniter\Database\MySQLi\Result::num_rows()
#0 C:\xampp\htdocs\testing\app\Controllers\Formularios.php(80): App\Models\Formulario->getSearching()
#1 C:\xampp\htdocs\testing\system\CodeIgniter.php(825): App\Controllers\Formularios->getSearching()
#2 C:\xampp\htdocs\testing\system\CodeIgniter.php(412): CodeIgniter\CodeIgniter->runController(Object(App\Controllers\Formularios))
#3 C:\xampp\htdocs\testing\system\CodeIgniter.php(320): CodeIgniter\CodeIgniter->handleRequest(NULL, Object(Config\Cache), false)
#4 C:\xampp\htdocs\testing\public\index.php(38): CodeIgniter\CodeIgniter->run()
#5 {main}
CRITICAL - 2022-01-20 13:28:54 --> Call to undefined method CodeIgniter\Database\MySQLi\Result::num_rows()
#0 C:\xampp\htdocs\testing\app\Controllers\Formularios.php(80): App\Models\Formulario->getSearching()
#1 C:\xampp\htdocs\testing\system\CodeIgniter.php(825): App\Controllers\Formularios->getSearching()
#2 C:\xampp\htdocs\testing\system\CodeIgniter.php(412): CodeIgniter\CodeIgniter->runController(Object(App\Controllers\Formularios))
#3 C:\xampp\htdocs\testing\system\CodeIgniter.php(320): CodeIgniter\CodeIgniter->handleRequest(NULL, Object(Config\Cache), false)
#4 C:\xampp\htdocs\testing\public\index.php(38): CodeIgniter\CodeIgniter->run()
#5 {main}
CRITICAL - 2022-01-20 13:33:02 --> Call to undefined method CodeIgniter\Database\MySQLi\Result::num_rows()
#0 C:\xampp\htdocs\testing\app\Controllers\Formularios.php(80): App\Models\Formulario->getSearching()
#1 C:\xampp\htdocs\testing\system\CodeIgniter.php(825): App\Controllers\Formularios->getSearching()
#2 C:\xampp\htdocs\testing\system\CodeIgniter.php(412): CodeIgniter\CodeIgniter->runController(Object(App\Controllers\Formularios))
#3 C:\xampp\htdocs\testing\system\CodeIgniter.php(320): CodeIgniter\CodeIgniter->handleRequest(NULL, Object(Config\Cache), false)
#4 C:\xampp\htdocs\testing\public\index.php(38): CodeIgniter\CodeIgniter->run()
#5 {main}
CRITICAL - 2022-01-20 13:33:10 --> Call to undefined method CodeIgniter\Database\MySQLi\Result::num_rows()
#0 C:\xampp\htdocs\testing\app\Controllers\Formularios.php(80): App\Models\Formulario->getSearching()
#1 C:\xampp\htdocs\testing\system\CodeIgniter.php(825): App\Controllers\Formularios->getSearching()
#2 C:\xampp\htdocs\testing\system\CodeIgniter.php(412): CodeIgniter\CodeIgniter->runController(Object(App\Controllers\Formularios))
#3 C:\xampp\htdocs\testing\system\CodeIgniter.php(320): CodeIgniter\CodeIgniter->handleRequest(NULL, Object(Config\Cache), false)
#4 C:\xampp\htdocs\testing\public\index.php(38): CodeIgniter\CodeIgniter->run()
#5 {main}
CRITICAL - 2022-01-20 13:47:26 --> Call to undefined method CodeIgniter\Database\MySQLi\Result::result_array()
#0 C:\xampp\htdocs\testing\app\Controllers\Formularios.php(80): App\Models\Formulario->getSearching()
#1 C:\xampp\htdocs\testing\system\CodeIgniter.php(825): App\Controllers\Formularios->getSearching()
#2 C:\xampp\htdocs\testing\system\CodeIgniter.php(412): CodeIgniter\CodeIgniter->runController(Object(App\Controllers\Formularios))
#3 C:\xampp\htdocs\testing\system\CodeIgniter.php(320): CodeIgniter\CodeIgniter->handleRequest(NULL, Object(Config\Cache), false)
#4 C:\xampp\htdocs\testing\public\index.php(38): CodeIgniter\CodeIgniter->run()
#5 {main}
CRITICAL - 2022-01-20 13:47:31 --> Call to undefined method CodeIgniter\Database\MySQLi\Result::result_array()
#0 C:\xampp\htdocs\testing\app\Controllers\Formularios.php(80): App\Models\Formulario->getSearching()
#1 C:\xampp\htdocs\testing\system\CodeIgniter.php(825): App\Controllers\Formularios->getSearching()
#2 C:\xampp\htdocs\testing\system\CodeIgniter.php(412): CodeIgniter\CodeIgniter->runController(Object(App\Controllers\Formularios))
#3 C:\xampp\htdocs\testing\system\CodeIgniter.php(320): CodeIgniter\CodeIgniter->handleRequest(NULL, Object(Config\Cache), false)
#4 C:\xampp\htdocs\testing\public\index.php(38): CodeIgniter\CodeIgniter->run()
#5 {main}
CRITICAL - 2022-01-20 13:47:58 --> Call to undefined method CodeIgniter\Database\MySQLi\Result::getNumRow()
#0 C:\xampp\htdocs\testing\app\Controllers\Formularios.php(80): App\Models\Formulario->getSearching()
#1 C:\xampp\htdocs\testing\system\CodeIgniter.php(825): App\Controllers\Formularios->getSearching()
#2 C:\xampp\htdocs\testing\system\CodeIgniter.php(412): CodeIgniter\CodeIgniter->runController(Object(App\Controllers\Formularios))
#3 C:\xampp\htdocs\testing\system\CodeIgniter.php(320): CodeIgniter\CodeIgniter->handleRequest(NULL, Object(Config\Cache), false)
#4 C:\xampp\htdocs\testing\public\index.php(38): CodeIgniter\CodeIgniter->run()
#5 {main}
CRITICAL - 2022-01-20 13:48:00 --> Call to undefined method CodeIgniter\Database\MySQLi\Result::getNumRow()
#0 C:\xampp\htdocs\testing\app\Controllers\Formularios.php(80): App\Models\Formulario->getSearching()
#1 C:\xampp\htdocs\testing\system\CodeIgniter.php(825): App\Controllers\Formularios->getSearching()
#2 C:\xampp\htdocs\testing\system\CodeIgniter.php(412): CodeIgniter\CodeIgniter->runController(Object(App\Controllers\Formularios))
#3 C:\xampp\htdocs\testing\system\CodeIgniter.php(320): CodeIgniter\CodeIgniter->handleRequest(NULL, Object(Config\Cache), false)
#4 C:\xampp\htdocs\testing\public\index.php(38): CodeIgniter\CodeIgniter->run()
#5 {main}
CRITICAL - 2022-01-20 13:49:38 --> Call to undefined method CodeIgniter\Database\MySQLi\Result::asArray()
#0 C:\xampp\htdocs\testing\app\Controllers\Formularios.php(80): App\Models\Formulario->getSearching()
#1 C:\xampp\htdocs\testing\system\CodeIgniter.php(825): App\Controllers\Formularios->getSearching()
#2 C:\xampp\htdocs\testing\system\CodeIgniter.php(412): CodeIgniter\CodeIgniter->runController(Object(App\Controllers\Formularios))
#3 C:\xampp\htdocs\testing\system\CodeIgniter.php(320): CodeIgniter\CodeIgniter->handleRequest(NULL, Object(Config\Cache), false)
#4 C:\xampp\htdocs\testing\public\index.php(38): CodeIgniter\CodeIgniter->run()
#5 {main}
CRITICAL - 2022-01-20 13:49:39 --> Call to undefined method CodeIgniter\Database\MySQLi\Result::asArray()
#0 C:\xampp\htdocs\testing\app\Controllers\Formularios.php(80): App\Models\Formulario->getSearching()
#1 C:\xampp\htdocs\testing\system\CodeIgniter.php(825): App\Controllers\Formularios->getSearching()
#2 C:\xampp\htdocs\testing\system\CodeIgniter.php(412): CodeIgniter\CodeIgniter->runController(Object(App\Controllers\Formularios))
#3 C:\xampp\htdocs\testing\system\CodeIgniter.php(320): CodeIgniter\CodeIgniter->handleRequest(NULL, Object(Config\Cache), false)
#4 C:\xampp\htdocs\testing\public\index.php(38): CodeIgniter\CodeIgniter->run()
#5 {main}
CRITICAL - 2022-01-20 13:56:22 --> Function name must be a string
#0 C:\xampp\htdocs\testing\app\Controllers\Formularios.php(80): App\Models\Formulario->getSearching()
#1 C:\xampp\htdocs\testing\system\CodeIgniter.php(825): App\Controllers\Formularios->getSearching()
#2 C:\xampp\htdocs\testing\system\CodeIgniter.php(412): CodeIgniter\CodeIgniter->runController(Object(App\Controllers\Formularios))
#3 C:\xampp\htdocs\testing\system\CodeIgniter.php(320): CodeIgniter\CodeIgniter->handleRequest(NULL, Object(Config\Cache), false)
#4 C:\xampp\htdocs\testing\public\index.php(38): CodeIgniter\CodeIgniter->run()
#5 {main}
CRITICAL - 2022-01-20 13:56:24 --> Function name must be a string
#0 C:\xampp\htdocs\testing\app\Controllers\Formularios.php(80): App\Models\Formulario->getSearching()
#1 C:\xampp\htdocs\testing\system\CodeIgniter.php(825): App\Controllers\Formularios->getSearching()
#2 C:\xampp\htdocs\testing\system\CodeIgniter.php(412): CodeIgniter\CodeIgniter->runController(Object(App\Controllers\Formularios))
#3 C:\xampp\htdocs\testing\system\CodeIgniter.php(320): CodeIgniter\CodeIgniter->handleRequest(NULL, Object(Config\Cache), false)
#4 C:\xampp\htdocs\testing\public\index.php(38): CodeIgniter\CodeIgniter->run()
#5 {main}
CRITICAL - 2022-01-20 13:56:49 --> Call to a member function view() on null
#0 C:\xampp\htdocs\testing\system\CodeIgniter.php(825): App\Controllers\Formularios->getSearching()
#1 C:\xampp\htdocs\testing\system\CodeIgniter.php(412): CodeIgniter\CodeIgniter->runController(Object(App\Controllers\Formularios))
#2 C:\xampp\htdocs\testing\system\CodeIgniter.php(320): CodeIgniter\CodeIgniter->handleRequest(NULL, Object(Config\Cache), false)
#3 C:\xampp\htdocs\testing\public\index.php(38): CodeIgniter\CodeIgniter->run()
#4 {main}
CRITICAL - 2022-01-20 13:58:39 --> Call to a member function view() on null
#0 C:\xampp\htdocs\testing\system\CodeIgniter.php(825): App\Controllers\Formularios->getSearching()
#1 C:\xampp\htdocs\testing\system\CodeIgniter.php(412): CodeIgniter\CodeIgniter->runController(Object(App\Controllers\Formularios))
#2 C:\xampp\htdocs\testing\system\CodeIgniter.php(320): CodeIgniter\CodeIgniter->handleRequest(NULL, Object(Config\Cache), false)
#3 C:\xampp\htdocs\testing\public\index.php(38): CodeIgniter\CodeIgniter->run()
#4 {main}
CRITICAL - 2022-01-20 13:58:40 --> Call to a member function view() on null
#0 C:\xampp\htdocs\testing\system\CodeIgniter.php(825): App\Controllers\Formularios->getSearching()
#1 C:\xampp\htdocs\testing\system\CodeIgniter.php(412): CodeIgniter\CodeIgniter->runController(Object(App\Controllers\Formularios))
#2 C:\xampp\htdocs\testing\system\CodeIgniter.php(320): CodeIgniter\CodeIgniter->handleRequest(NULL, Object(Config\Cache), false)
#3 C:\xampp\htdocs\testing\public\index.php(38): CodeIgniter\CodeIgniter->run()
#4 {main}
CRITICAL - 2022-01-20 13:58:41 --> Call to a member function view() on null
#0 C:\xampp\htdocs\testing\system\CodeIgniter.php(825): App\Controllers\Formularios->getSearching()
#1 C:\xampp\htdocs\testing\system\CodeIgniter.php(412): CodeIgniter\CodeIgniter->runController(Object(App\Controllers\Formularios))
#2 C:\xampp\htdocs\testing\system\CodeIgniter.php(320): CodeIgniter\CodeIgniter->handleRequest(NULL, Object(Config\Cache), false)
#3 C:\xampp\htdocs\testing\public\index.php(38): CodeIgniter\CodeIgniter->run()
#4 {main}
CRITICAL - 2022-01-20 13:59:11 --> Call to a member function view() on null
#0 C:\xampp\htdocs\testing\system\CodeIgniter.php(825): App\Controllers\Formularios->getSearching()
#1 C:\xampp\htdocs\testing\system\CodeIgniter.php(412): CodeIgniter\CodeIgniter->runController(Object(App\Controllers\Formularios))
#2 C:\xampp\htdocs\testing\system\CodeIgniter.php(320): CodeIgniter\CodeIgniter->handleRequest(NULL, Object(Config\Cache), false)
#3 C:\xampp\htdocs\testing\public\index.php(38): CodeIgniter\CodeIgniter->run()
#4 {main}
CRITICAL - 2022-01-20 14:35:34 --> Call to a member function view() on null
#0 C:\xampp\htdocs\testing\system\CodeIgniter.php(825): App\Controllers\Formularios->getSearching()
#1 C:\xampp\htdocs\testing\system\CodeIgniter.php(412): CodeIgniter\CodeIgniter->runController(Object(App\Controllers\Formularios))
#2 C:\xampp\htdocs\testing\system\CodeIgniter.php(320): CodeIgniter\CodeIgniter->handleRequest(NULL, Object(Config\Cache), false)
#3 C:\xampp\htdocs\testing\public\index.php(38): CodeIgniter\CodeIgniter->run()
#4 {main}
CRITICAL - 2022-01-20 14:35:41 --> Call to a member function view() on null
#0 C:\xampp\htdocs\testing\system\CodeIgniter.php(825): App\Controllers\Formularios->getSearching()
#1 C:\xampp\htdocs\testing\system\CodeIgniter.php(412): CodeIgniter\CodeIgniter->runController(Object(App\Controllers\Formularios))
#2 C:\xampp\htdocs\testing\system\CodeIgniter.php(320): CodeIgniter\CodeIgniter->handleRequest(NULL, Object(Config\Cache), false)
#3 C:\xampp\htdocs\testing\public\index.php(38): CodeIgniter\CodeIgniter->run()
#4 {main}
CRITICAL - 2022-01-20 14:37:55 --> Call to a member function view() on null
#0 C:\xampp\htdocs\testing\system\CodeIgniter.php(825): App\Controllers\Formularios->getSearching()
#1 C:\xampp\htdocs\testing\system\CodeIgniter.php(412): CodeIgniter\CodeIgniter->runController(Object(App\Controllers\Formularios))
#2 C:\xampp\htdocs\testing\system\CodeIgniter.php(320): CodeIgniter\CodeIgniter->handleRequest(NULL, Object(Config\Cache), false)
#3 C:\xampp\htdocs\testing\public\index.php(38): CodeIgniter\CodeIgniter->run()
#4 {main}
CRITICAL - 2022-01-20 14:38:31 --> Call to a member function view() on null
#0 C:\xampp\htdocs\testing\system\CodeIgniter.php(825): App\Controllers\Formularios->getSearching()
#1 C:\xampp\htdocs\testing\system\CodeIgniter.php(412): CodeIgniter\CodeIgniter->runController(Object(App\Controllers\Formularios))
#2 C:\xampp\htdocs\testing\system\CodeIgniter.php(320): CodeIgniter\CodeIgniter->handleRequest(NULL, Object(Config\Cache), false)
#3 C:\xampp\htdocs\testing\public\index.php(38): CodeIgniter\CodeIgniter->run()
#4 {main}
CRITICAL - 2022-01-20 14:38:32 --> Call to a member function view() on null
#0 C:\xampp\htdocs\testing\system\CodeIgniter.php(825): App\Controllers\Formularios->getSearching()
#1 C:\xampp\htdocs\testing\system\CodeIgniter.php(412): CodeIgniter\CodeIgniter->runController(Object(App\Controllers\Formularios))
#2 C:\xampp\htdocs\testing\system\CodeIgniter.php(320): CodeIgniter\CodeIgniter->handleRequest(NULL, Object(Config\Cache), false)
#3 C:\xampp\htdocs\testing\public\index.php(38): CodeIgniter\CodeIgniter->run()
#4 {main}
ERROR - 2022-01-20 14:42:38 --> Not unique table/alias: 'persona'
CRITICAL - 2022-01-20 14:42:38 --> Call to a member function getNumRows() on bool
#0 C:\xampp\htdocs\testing\app\Controllers\Formularios.php(80): App\Models\Formulario->getSearching()
#1 C:\xampp\htdocs\testing\system\CodeIgniter.php(825): App\Controllers\Formularios->getSearching()
#2 C:\xampp\htdocs\testing\system\CodeIgniter.php(412): CodeIgniter\CodeIgniter->runController(Object(App\Controllers\Formularios))
#3 C:\xampp\htdocs\testing\system\CodeIgniter.php(320): CodeIgniter\CodeIgniter->handleRequest(NULL, Object(Config\Cache), false)
#4 C:\xampp\htdocs\testing\public\index.php(38): CodeIgniter\CodeIgniter->run()
#5 {main}
ERROR - 2022-01-20 14:43:09 --> Not unique table/alias: 'persona'
CRITICAL - 2022-01-20 14:43:09 --> Call to a member function getNumRows() on bool
#0 C:\xampp\htdocs\testing\app\Controllers\Formularios.php(80): App\Models\Formulario->getSearching()
#1 C:\xampp\htdocs\testing\system\CodeIgniter.php(825): App\Controllers\Formularios->getSearching()
#2 C:\xampp\htdocs\testing\system\CodeIgniter.php(412): CodeIgniter\CodeIgniter->runController(Object(App\Controllers\Formularios))
#3 C:\xampp\htdocs\testing\system\CodeIgniter.php(320): CodeIgniter\CodeIgniter->handleRequest(NULL, Object(Config\Cache), false)
#4 C:\xampp\htdocs\testing\public\index.php(38): CodeIgniter\CodeIgniter->run()
#5 {main}
ERROR - 2022-01-20 14:43:30 --> Unknown table 'testing.cargo'
CRITICAL - 2022-01-20 14:43:30 --> Call to a member function getNumRows() on bool
#0 C:\xampp\htdocs\testing\app\Controllers\Formularios.php(80): App\Models\Formulario->getSearching()
#1 C:\xampp\htdocs\testing\system\CodeIgniter.php(825): App\Controllers\Formularios->getSearching()
#2 C:\xampp\htdocs\testing\system\CodeIgniter.php(412): CodeIgniter\CodeIgniter->runController(Object(App\Controllers\Formularios))
#3 C:\xampp\htdocs\testing\system\CodeIgniter.php(320): CodeIgniter\CodeIgniter->handleRequest(NULL, Object(Config\Cache), false)
#4 C:\xampp\htdocs\testing\public\index.php(38): CodeIgniter\CodeIgniter->run()
#5 {main}
ERROR - 2022-01-20 14:43:32 --> Unknown table 'testing.cargo'
CRITICAL - 2022-01-20 14:43:32 --> Call to a member function getNumRows() on bool
#0 C:\xampp\htdocs\testing\app\Controllers\Formularios.php(80): App\Models\Formulario->getSearching()
#1 C:\xampp\htdocs\testing\system\CodeIgniter.php(825): App\Controllers\Formularios->getSearching()
#2 C:\xampp\htdocs\testing\system\CodeIgniter.php(412): CodeIgniter\CodeIgniter->runController(Object(App\Controllers\Formularios))
#3 C:\xampp\htdocs\testing\system\CodeIgniter.php(320): CodeIgniter\CodeIgniter->handleRequest(NULL, Object(Config\Cache), false)
#4 C:\xampp\htdocs\testing\public\index.php(38): CodeIgniter\CodeIgniter->run()
#5 {main}
ERROR - 2022-01-20 15:08:06 --> Unknown table 'testing.ingeniero'
CRITICAL - 2022-01-20 15:08:06 --> Call to a member function getNumRows() on bool
#0 C:\xampp\htdocs\testing\app\Controllers\Formularios.php(80): App\Models\Formulario->getSearching()
#1 C:\xampp\htdocs\testing\system\CodeIgniter.php(825): App\Controllers\Formularios->getSearching()
#2 C:\xampp\htdocs\testing\system\CodeIgniter.php(412): CodeIgniter\CodeIgniter->runController(Object(App\Controllers\Formularios))
#3 C:\xampp\htdocs\testing\system\CodeIgniter.php(320): CodeIgniter\CodeIgniter->handleRequest(NULL, Object(Config\Cache), false)
#4 C:\xampp\htdocs\testing\public\index.php(38): CodeIgniter\CodeIgniter->run()
#5 {main}
CRITICAL - 2022-01-20 15:55:57 --> syntax error, unexpected '=', expecting ')'
#0 C:\xampp\htdocs\testing\system\Autoloader\Autoloader.php(241): CodeIgniter\Autoloader\Autoloader->includeFile('C:\\xampp\\htdocs...')
#1 C:\xampp\htdocs\testing\system\Autoloader\Autoloader.php(219): CodeIgniter\Autoloader\Autoloader->loadInNamespace('App\\Models\\Form...')
#2 [internal function]: CodeIgniter\Autoloader\Autoloader->loadClass('App\\Models\\Form...')
#3 C:\xampp\htdocs\testing\app\Controllers\Formularios.php(78): spl_autoload_call('App\\Models\\Form...')
#4 C:\xampp\htdocs\testing\system\CodeIgniter.php(825): App\Controllers\Formularios->getSearching()
#5 C:\xampp\htdocs\testing\system\CodeIgniter.php(412): CodeIgniter\CodeIgniter->runController(Object(App\Controllers\Formularios))
#6 C:\xampp\htdocs\testing\system\CodeIgniter.php(320): CodeIgniter\CodeIgniter->handleRequest(NULL, Object(Config\Cache), false)
#7 C:\xampp\htdocs\testing\public\index.php(38): CodeIgniter\CodeIgniter->run()
#8 {main}
CRITICAL - 2022-01-20 15:56:49 --> syntax error, unexpected '=', expecting ')'
#0 C:\xampp\htdocs\testing\system\Autoloader\Autoloader.php(241): CodeIgniter\Autoloader\Autoloader->includeFile('C:\\xampp\\htdocs...')
#1 C:\xampp\htdocs\testing\system\Autoloader\Autoloader.php(219): CodeIgniter\Autoloader\Autoloader->loadInNamespace('App\\Models\\Form...')
#2 [internal function]: CodeIgniter\Autoloader\Autoloader->loadClass('App\\Models\\Form...')
#3 C:\xampp\htdocs\testing\app\Controllers\Formularios.php(78): spl_autoload_call('App\\Models\\Form...')
#4 C:\xampp\htdocs\testing\system\CodeIgniter.php(825): App\Controllers\Formularios->getSearching()
#5 C:\xampp\htdocs\testing\system\CodeIgniter.php(412): CodeIgniter\CodeIgniter->runController(Object(App\Controllers\Formularios))
#6 C:\xampp\htdocs\testing\system\CodeIgniter.php(320): CodeIgniter\CodeIgniter->handleRequest(NULL, Object(Config\Cache), false)
#7 C:\xampp\htdocs\testing\public\index.php(38): CodeIgniter\CodeIgniter->run()
#8 {main}
CRITICAL - 2022-01-20 15:56:52 --> syntax error, unexpected '=', expecting ')'
#0 C:\xampp\htdocs\testing\system\Autoloader\Autoloader.php(241): CodeIgniter\Autoloader\Autoloader->includeFile('C:\\xampp\\htdocs...')
#1 C:\xampp\htdocs\testing\system\Autoloader\Autoloader.php(219): CodeIgniter\Autoloader\Autoloader->loadInNamespace('App\\Models\\Form...')
#2 [internal function]: CodeIgniter\Autoloader\Autoloader->loadClass('App\\Models\\Form...')
#3 C:\xampp\htdocs\testing\app\Controllers\Formularios.php(78): spl_autoload_call('App\\Models\\Form...')
#4 C:\xampp\htdocs\testing\system\CodeIgniter.php(825): App\Controllers\Formularios->getSearching()
#5 C:\xampp\htdocs\testing\system\CodeIgniter.php(412): CodeIgniter\CodeIgniter->runController(Object(App\Controllers\Formularios))
#6 C:\xampp\htdocs\testing\system\CodeIgniter.php(320): CodeIgniter\CodeIgniter->handleRequest(NULL, Object(Config\Cache), false)
#7 C:\xampp\htdocs\testing\public\index.php(38): CodeIgniter\CodeIgniter->run()
#8 {main}
CRITICAL - 2022-01-20 15:57:30 --> syntax error, unexpected '=', expecting ')'
#0 C:\xampp\htdocs\testing\system\Autoloader\Autoloader.php(241): CodeIgniter\Autoloader\Autoloader->includeFile('C:\\xampp\\htdocs...')
#1 C:\xampp\htdocs\testing\system\Autoloader\Autoloader.php(219): CodeIgniter\Autoloader\Autoloader->loadInNamespace('App\\Models\\Form...')
#2 [internal function]: CodeIgniter\Autoloader\Autoloader->loadClass('App\\Models\\Form...')
#3 C:\xampp\htdocs\testing\app\Controllers\Formularios.php(78): spl_autoload_call('App\\Models\\Form...')
#4 C:\xampp\htdocs\testing\system\CodeIgniter.php(825): App\Controllers\Formularios->getSearching()
#5 C:\xampp\htdocs\testing\system\CodeIgniter.php(412): CodeIgniter\CodeIgniter->runController(Object(App\Controllers\Formularios))
#6 C:\xampp\htdocs\testing\system\CodeIgniter.php(320): CodeIgniter\CodeIgniter->handleRequest(NULL, Object(Config\Cache), false)
#7 C:\xampp\htdocs\testing\public\index.php(38): CodeIgniter\CodeIgniter->run()
#8 {main}
CRITICAL - 2022-01-20 15:57:31 --> syntax error, unexpected '=', expecting ')'
#0 C:\xampp\htdocs\testing\system\Autoloader\Autoloader.php(241): CodeIgniter\Autoloader\Autoloader->includeFile('C:\\xampp\\htdocs...')
#1 C:\xampp\htdocs\testing\system\Autoloader\Autoloader.php(219): CodeIgniter\Autoloader\Autoloader->loadInNamespace('App\\Models\\Form...')
#2 [internal function]: CodeIgniter\Autoloader\Autoloader->loadClass('App\\Models\\Form...')
#3 C:\xampp\htdocs\testing\app\Controllers\Formularios.php(78): spl_autoload_call('App\\Models\\Form...')
#4 C:\xampp\htdocs\testing\system\CodeIgniter.php(825): App\Controllers\Formularios->getSearching()
#5 C:\xampp\htdocs\testing\system\CodeIgniter.php(412): CodeIgniter\CodeIgniter->runController(Object(App\Controllers\Formularios))
#6 C:\xampp\htdocs\testing\system\CodeIgniter.php(320): CodeIgniter\CodeIgniter->handleRequest(NULL, Object(Config\Cache), false)
#7 C:\xampp\htdocs\testing\public\index.php(38): CodeIgniter\CodeIgniter->run()
#8 {main}
CRITICAL - 2022-01-20 15:57:32 --> syntax error, unexpected '=', expecting ')'
#0 C:\xampp\htdocs\testing\system\Autoloader\Autoloader.php(241): CodeIgniter\Autoloader\Autoloader->includeFile('C:\\xampp\\htdocs...')
#1 C:\xampp\htdocs\testing\system\Autoloader\Autoloader.php(219): CodeIgniter\Autoloader\Autoloader->loadInNamespace('App\\Models\\Form...')
#2 [internal function]: CodeIgniter\Autoloader\Autoloader->loadClass('App\\Models\\Form...')
#3 C:\xampp\htdocs\testing\app\Controllers\Formularios.php(78): spl_autoload_call('App\\Models\\Form...')
#4 C:\xampp\htdocs\testing\system\CodeIgniter.php(825): App\Controllers\Formularios->getSearching()
#5 C:\xampp\htdocs\testing\system\CodeIgniter.php(412): CodeIgniter\CodeIgniter->runController(Object(App\Controllers\Formularios))
#6 C:\xampp\htdocs\testing\system\CodeIgniter.php(320): CodeIgniter\CodeIgniter->handleRequest(NULL, Object(Config\Cache), false)
#7 C:\xampp\htdocs\testing\public\index.php(38): CodeIgniter\CodeIgniter->run()
#8 {main}
CRITICAL - 2022-01-20 15:57:53 --> syntax error, unexpected '=', expecting ')'
#0 C:\xampp\htdocs\testing\system\Autoloader\Autoloader.php(241): CodeIgniter\Autoloader\Autoloader->includeFile('C:\\xampp\\htdocs...')
#1 C:\xampp\htdocs\testing\system\Autoloader\Autoloader.php(219): CodeIgniter\Autoloader\Autoloader->loadInNamespace('App\\Models\\Form...')
#2 [internal function]: CodeIgniter\Autoloader\Autoloader->loadClass('App\\Models\\Form...')
#3 C:\xampp\htdocs\testing\app\Controllers\Formularios.php(78): spl_autoload_call('App\\Models\\Form...')
#4 C:\xampp\htdocs\testing\system\CodeIgniter.php(825): App\Controllers\Formularios->getSearching()
#5 C:\xampp\htdocs\testing\system\CodeIgniter.php(412): CodeIgniter\CodeIgniter->runController(Object(App\Controllers\Formularios))
#6 C:\xampp\htdocs\testing\system\CodeIgniter.php(320): CodeIgniter\CodeIgniter->handleRequest(NULL, Object(Config\Cache), false)
#7 C:\xampp\htdocs\testing\public\index.php(38): CodeIgniter\CodeIgniter->run()
#8 {main}
CRITICAL - 2022-01-20 15:57:54 --> syntax error, unexpected '=', expecting ')'
#0 C:\xampp\htdocs\testing\system\Autoloader\Autoloader.php(241): CodeIgniter\Autoloader\Autoloader->includeFile('C:\\xampp\\htdocs...')
#1 C:\xampp\htdocs\testing\system\Autoloader\Autoloader.php(219): CodeIgniter\Autoloader\Autoloader->loadInNamespace('App\\Models\\Form...')
#2 [internal function]: CodeIgniter\Autoloader\Autoloader->loadClass('App\\Models\\Form...')
#3 C:\xampp\htdocs\testing\app\Controllers\Formularios.php(78): spl_autoload_call('App\\Models\\Form...')
#4 C:\xampp\htdocs\testing\system\CodeIgniter.php(825): App\Controllers\Formularios->getSearching()
#5 C:\xampp\htdocs\testing\system\CodeIgniter.php(412): CodeIgniter\CodeIgniter->runController(Object(App\Controllers\Formularios))
#6 C:\xampp\htdocs\testing\system\CodeIgniter.php(320): CodeIgniter\CodeIgniter->handleRequest(NULL, Object(Config\Cache), false)
#7 C:\xampp\htdocs\testing\public\index.php(38): CodeIgniter\CodeIgniter->run()
#8 {main}
CRITICAL - 2022-01-20 15:57:54 --> syntax error, unexpected '=', expecting ')'
#0 C:\xampp\htdocs\testing\system\Autoloader\Autoloader.php(241): CodeIgniter\Autoloader\Autoloader->includeFile('C:\\xampp\\htdocs...')
#1 C:\xampp\htdocs\testing\system\Autoloader\Autoloader.php(219): CodeIgniter\Autoloader\Autoloader->loadInNamespace('App\\Models\\Form...')
#2 [internal function]: CodeIgniter\Autoloader\Autoloader->loadClass('App\\Models\\Form...')
#3 C:\xampp\htdocs\testing\app\Controllers\Formularios.php(78): spl_autoload_call('App\\Models\\Form...')
#4 C:\xampp\htdocs\testing\system\CodeIgniter.php(825): App\Controllers\Formularios->getSearching()
#5 C:\xampp\htdocs\testing\system\CodeIgniter.php(412): CodeIgniter\CodeIgniter->runController(Object(App\Controllers\Formularios))
#6 C:\xampp\htdocs\testing\system\CodeIgniter.php(320): CodeIgniter\CodeIgniter->handleRequest(NULL, Object(Config\Cache), false)
#7 C:\xampp\htdocs\testing\public\index.php(38): CodeIgniter\CodeIgniter->run()
#8 {main}
CRITICAL - 2022-01-20 16:18:05 --> syntax error, unexpected '=', expecting ')'
#0 C:\xampp\htdocs\testing\system\Autoloader\Autoloader.php(241): CodeIgniter\Autoloader\Autoloader->includeFile('C:\\xampp\\htdocs...')
#1 C:\xampp\htdocs\testing\system\Autoloader\Autoloader.php(219): CodeIgniter\Autoloader\Autoloader->loadInNamespace('App\\Models\\Form...')
#2 [internal function]: CodeIgniter\Autoloader\Autoloader->loadClass('App\\Models\\Form...')
#3 C:\xampp\htdocs\testing\app\Controllers\Formularios.php(78): spl_autoload_call('App\\Models\\Form...')
#4 C:\xampp\htdocs\testing\system\CodeIgniter.php(825): App\Controllers\Formularios->getSearching()
#5 C:\xampp\htdocs\testing\system\CodeIgniter.php(412): CodeIgniter\CodeIgniter->runController(Object(App\Controllers\Formularios))
#6 C:\xampp\htdocs\testing\system\CodeIgniter.php(320): CodeIgniter\CodeIgniter->handleRequest(NULL, Object(Config\Cache), false)
#7 C:\xampp\htdocs\testing\public\index.php(38): CodeIgniter\CodeIgniter->run()
#8 {main}
CRITICAL - 2022-01-20 16:18:55 --> syntax error, unexpected '=', expecting ')'
#0 C:\xampp\htdocs\testing\system\Autoloader\Autoloader.php(241): CodeIgniter\Autoloader\Autoloader->includeFile('C:\\xampp\\htdocs...')
#1 C:\xampp\htdocs\testing\system\Autoloader\Autoloader.php(219): CodeIgniter\Autoloader\Autoloader->loadInNamespace('App\\Models\\Form...')
#2 [internal function]: CodeIgniter\Autoloader\Autoloader->loadClass('App\\Models\\Form...')
#3 C:\xampp\htdocs\testing\app\Controllers\Formularios.php(78): spl_autoload_call('App\\Models\\Form...')
#4 C:\xampp\htdocs\testing\system\CodeIgniter.php(825): App\Controllers\Formularios->getSearching()
#5 C:\xampp\htdocs\testing\system\CodeIgniter.php(412): CodeIgniter\CodeIgniter->runController(Object(App\Controllers\Formularios))
#6 C:\xampp\htdocs\testing\system\CodeIgniter.php(320): CodeIgniter\CodeIgniter->handleRequest(NULL, Object(Config\Cache), false)
#7 C:\xampp\htdocs\testing\public\index.php(38): CodeIgniter\CodeIgniter->run()
#8 {main}
CRITICAL - 2022-01-20 16:18:56 --> syntax error, unexpected '=', expecting ')'
#0 C:\xampp\htdocs\testing\system\Autoloader\Autoloader.php(241): CodeIgniter\Autoloader\Autoloader->includeFile('C:\\xampp\\htdocs...')
#1 C:\xampp\htdocs\testing\system\Autoloader\Autoloader.php(219): CodeIgniter\Autoloader\Autoloader->loadInNamespace('App\\Models\\Form...')
#2 [internal function]: CodeIgniter\Autoloader\Autoloader->loadClass('App\\Models\\Form...')
#3 C:\xampp\htdocs\testing\app\Controllers\Formularios.php(78): spl_autoload_call('App\\Models\\Form...')
#4 C:\xampp\htdocs\testing\system\CodeIgniter.php(825): App\Controllers\Formularios->getSearching()
#5 C:\xampp\htdocs\testing\system\CodeIgniter.php(412): CodeIgniter\CodeIgniter->runController(Object(App\Controllers\Formularios))
#6 C:\xampp\htdocs\testing\system\CodeIgniter.php(320): CodeIgniter\CodeIgniter->handleRequest(NULL, Object(Config\Cache), false)
#7 C:\xampp\htdocs\testing\public\index.php(38): CodeIgniter\CodeIgniter->run()
#8 {main}
CRITICAL - 2022-01-20 16:21:39 --> syntax error, unexpected '=', expecting ')'
#0 C:\xampp\htdocs\testing\system\Autoloader\Autoloader.php(241): CodeIgniter\Autoloader\Autoloader->includeFile('C:\\xampp\\htdocs...')
#1 C:\xampp\htdocs\testing\system\Autoloader\Autoloader.php(219): CodeIgniter\Autoloader\Autoloader->loadInNamespace('App\\Models\\Form...')
#2 [internal function]: CodeIgniter\Autoloader\Autoloader->loadClass('App\\Models\\Form...')
#3 C:\xampp\htdocs\testing\app\Controllers\Formularios.php(78): spl_autoload_call('App\\Models\\Form...')
#4 C:\xampp\htdocs\testing\system\CodeIgniter.php(825): App\Controllers\Formularios->getSearching()
#5 C:\xampp\htdocs\testing\system\CodeIgniter.php(412): CodeIgniter\CodeIgniter->runController(Object(App\Controllers\Formularios))
#6 C:\xampp\htdocs\testing\system\CodeIgniter.php(320): CodeIgniter\CodeIgniter->handleRequest(NULL, Object(Config\Cache), false)
#7 C:\xampp\htdocs\testing\public\index.php(38): CodeIgniter\CodeIgniter->run()
#8 {main}
CRITICAL - 2022-01-20 16:21:41 --> syntax error, unexpected '=', expecting ')'
#0 C:\xampp\htdocs\testing\system\Autoloader\Autoloader.php(241): CodeIgniter\Autoloader\Autoloader->includeFile('C:\\xampp\\htdocs...')
#1 C:\xampp\htdocs\testing\system\Autoloader\Autoloader.php(219): CodeIgniter\Autoloader\Autoloader->loadInNamespace('App\\Models\\Form...')
#2 [internal function]: CodeIgniter\Autoloader\Autoloader->loadClass('App\\Models\\Form...')
#3 C:\xampp\htdocs\testing\app\Controllers\Formularios.php(78): spl_autoload_call('App\\Models\\Form...')
#4 C:\xampp\htdocs\testing\system\CodeIgniter.php(825): App\Controllers\Formularios->getSearching()
#5 C:\xampp\htdocs\testing\system\CodeIgniter.php(412): CodeIgniter\CodeIgniter->runController(Object(App\Controllers\Formularios))
#6 C:\xampp\htdocs\testing\system\CodeIgniter.php(320): CodeIgniter\CodeIgniter->handleRequest(NULL, Object(Config\Cache), false)
#7 C:\xampp\htdocs\testing\public\index.php(38): CodeIgniter\CodeIgniter->run()
#8 {main}
