CRITICAL - 2022-02-03 10:37:30 --> syntax error, unexpected '->' (T_OBJECT_OPERATOR), expecting ';' or ','
#0 C:\xampp\htdocs\testing\system\View\View.php(213): CodeIgniter\View\View->CodeIgniter\View\{closure}()
#1 C:\xampp\htdocs\testing\system\Common.php(1089): CodeIgniter\View\View->render('template/cabece...', Array, true)
#2 C:\xampp\htdocs\testing\app\Controllers\Ajaxsearch.php(11): view('template/cabece...')
#3 C:\xampp\htdocs\testing\system\CodeIgniter.php(825): App\Controllers\Ajaxsearch->index()
#4 C:\xampp\htdocs\testing\system\CodeIgniter.php(412): CodeIgniter\CodeIgniter->runController(Object(App\Controllers\Ajaxsearch))
#5 C:\xampp\htdocs\testing\system\CodeIgniter.php(320): CodeIgniter\CodeIgniter->handleRequest(NULL, Object(Config\Cache), false)
#6 C:\xampp\htdocs\testing\public\index.php(38): CodeIgniter\CodeIgniter->run()
#7 {main}
CRITICAL - 2022-02-03 17:17:02 --> syntax error, unexpected '$caridata' (T_VARIABLE), expecting ')'
#0 C:\xampp\htdocs\testing\system\Router\Router.php(175): CodeIgniter\Router\Router->autoRoute('ajaxsearch')
#1 C:\xampp\htdocs\testing\system\CodeIgniter.php(719): CodeIgniter\Router\Router->handle('ajaxsearch')
#2 C:\xampp\htdocs\testing\system\CodeIgniter.php(361): CodeIgniter\CodeIgniter->tryToRouteIt(Object(CodeIgniter\Router\RouteCollection))
#3 C:\xampp\htdocs\testing\system\CodeIgniter.php(320): CodeIgniter\CodeIgniter->handleRequest(NULL, Object(Config\Cache), false)
#4 C:\xampp\htdocs\testing\public\index.php(38): CodeIgniter\CodeIgniter->run()
#5 {main}
CRITICAL - 2022-02-03 17:17:28 --> syntax error, unexpected '->' (T_OBJECT_OPERATOR)
#0 C:\xampp\htdocs\testing\system\Router\Router.php(175): CodeIgniter\Router\Router->autoRoute('ajaxsearch')
#1 C:\xampp\htdocs\testing\system\CodeIgniter.php(719): CodeIgniter\Router\Router->handle('ajaxsearch')
#2 C:\xampp\htdocs\testing\system\CodeIgniter.php(361): CodeIgniter\CodeIgniter->tryToRouteIt(Object(CodeIgniter\Router\RouteCollection))
#3 C:\xampp\htdocs\testing\system\CodeIgniter.php(320): CodeIgniter\CodeIgniter->handleRequest(NULL, Object(Config\Cache), false)
#4 C:\xampp\htdocs\testing\public\index.php(38): CodeIgniter\CodeIgniter->run()
#5 {main}
CRITICAL - 2022-02-03 17:17:30 --> syntax error, unexpected '->' (T_OBJECT_OPERATOR)
#0 C:\xampp\htdocs\testing\system\Router\Router.php(175): CodeIgniter\Router\Router->autoRoute('ajaxsearch')
#1 C:\xampp\htdocs\testing\system\CodeIgniter.php(719): CodeIgniter\Router\Router->handle('ajaxsearch')
#2 C:\xampp\htdocs\testing\system\CodeIgniter.php(361): CodeIgniter\CodeIgniter->tryToRouteIt(Object(CodeIgniter\Router\RouteCollection))
#3 C:\xampp\htdocs\testing\system\CodeIgniter.php(320): CodeIgniter\CodeIgniter->handleRequest(NULL, Object(Config\Cache), false)
#4 C:\xampp\htdocs\testing\public\index.php(38): CodeIgniter\CodeIgniter->run()
#5 {main}
CRITICAL - 2022-02-03 17:17:31 --> syntax error, unexpected '->' (T_OBJECT_OPERATOR)
#0 C:\xampp\htdocs\testing\system\Router\Router.php(175): CodeIgniter\Router\Router->autoRoute('ajaxsearch')
#1 C:\xampp\htdocs\testing\system\CodeIgniter.php(719): CodeIgniter\Router\Router->handle('ajaxsearch')
#2 C:\xampp\htdocs\testing\system\CodeIgniter.php(361): CodeIgniter\CodeIgniter->tryToRouteIt(Object(CodeIgniter\Router\RouteCollection))
#3 C:\xampp\htdocs\testing\system\CodeIgniter.php(320): CodeIgniter\CodeIgniter->handleRequest(NULL, Object(Config\Cache), false)
#4 C:\xampp\htdocs\testing\public\index.php(38): CodeIgniter\CodeIgniter->run()
#5 {main}
CRITICAL - 2022-02-03 17:17:31 --> syntax error, unexpected '->' (T_OBJECT_OPERATOR)
#0 C:\xampp\htdocs\testing\system\Router\Router.php(175): CodeIgniter\Router\Router->autoRoute('ajaxsearch')
#1 C:\xampp\htdocs\testing\system\CodeIgniter.php(719): CodeIgniter\Router\Router->handle('ajaxsearch')
#2 C:\xampp\htdocs\testing\system\CodeIgniter.php(361): CodeIgniter\CodeIgniter->tryToRouteIt(Object(CodeIgniter\Router\RouteCollection))
#3 C:\xampp\htdocs\testing\system\CodeIgniter.php(320): CodeIgniter\CodeIgniter->handleRequest(NULL, Object(Config\Cache), false)
#4 C:\xampp\htdocs\testing\public\index.php(38): CodeIgniter\CodeIgniter->run()
#5 {main}
CRITICAL - 2022-02-03 17:17:31 --> syntax error, unexpected '->' (T_OBJECT_OPERATOR)
#0 C:\xampp\htdocs\testing\system\Router\Router.php(175): CodeIgniter\Router\Router->autoRoute('ajaxsearch')
#1 C:\xampp\htdocs\testing\system\CodeIgniter.php(719): CodeIgniter\Router\Router->handle('ajaxsearch')
#2 C:\xampp\htdocs\testing\system\CodeIgniter.php(361): CodeIgniter\CodeIgniter->tryToRouteIt(Object(CodeIgniter\Router\RouteCollection))
#3 C:\xampp\htdocs\testing\system\CodeIgniter.php(320): CodeIgniter\CodeIgniter->handleRequest(NULL, Object(Config\Cache), false)
#4 C:\xampp\htdocs\testing\public\index.php(38): CodeIgniter\CodeIgniter->run()
#5 {main}
CRITICAL - 2022-02-03 17:18:31 --> syntax error, unexpected '->' (T_OBJECT_OPERATOR)
#0 C:\xampp\htdocs\testing\system\Router\Router.php(175): CodeIgniter\Router\Router->autoRoute('ajaxsearch')
#1 C:\xampp\htdocs\testing\system\CodeIgniter.php(719): CodeIgniter\Router\Router->handle('ajaxsearch')
#2 C:\xampp\htdocs\testing\system\CodeIgniter.php(361): CodeIgniter\CodeIgniter->tryToRouteIt(Object(CodeIgniter\Router\RouteCollection))
#3 C:\xampp\htdocs\testing\system\CodeIgniter.php(320): CodeIgniter\CodeIgniter->handleRequest(NULL, Object(Config\Cache), false)
#4 C:\xampp\htdocs\testing\public\index.php(38): CodeIgniter\CodeIgniter->run()
#5 {main}
CRITICAL - 2022-02-03 17:18:32 --> syntax error, unexpected '->' (T_OBJECT_OPERATOR)
#0 C:\xampp\htdocs\testing\system\Router\Router.php(175): CodeIgniter\Router\Router->autoRoute('ajaxsearch')
#1 C:\xampp\htdocs\testing\system\CodeIgniter.php(719): CodeIgniter\Router\Router->handle('ajaxsearch')
#2 C:\xampp\htdocs\testing\system\CodeIgniter.php(361): CodeIgniter\CodeIgniter->tryToRouteIt(Object(CodeIgniter\Router\RouteCollection))
#3 C:\xampp\htdocs\testing\system\CodeIgniter.php(320): CodeIgniter\CodeIgniter->handleRequest(NULL, Object(Config\Cache), false)
#4 C:\xampp\htdocs\testing\public\index.php(38): CodeIgniter\CodeIgniter->run()
#5 {main}
CRITICAL - 2022-02-03 17:19:54 --> syntax error, unexpected '$key' (T_VARIABLE)
#0 C:\xampp\htdocs\testing\system\Router\Router.php(175): CodeIgniter\Router\Router->autoRoute('ajaxsearch')
#1 C:\xampp\htdocs\testing\system\CodeIgniter.php(719): CodeIgniter\Router\Router->handle('ajaxsearch')
#2 C:\xampp\htdocs\testing\system\CodeIgniter.php(361): CodeIgniter\CodeIgniter->tryToRouteIt(Object(CodeIgniter\Router\RouteCollection))
#3 C:\xampp\htdocs\testing\system\CodeIgniter.php(320): CodeIgniter\CodeIgniter->handleRequest(NULL, Object(Config\Cache), false)
#4 C:\xampp\htdocs\testing\public\index.php(38): CodeIgniter\CodeIgniter->run()
#5 {main}
